2025-09-28 04:48:07,413 - INFO - 从配置文件加载配置: test_config.json
2025-09-28 04:48:07,413 - INFO - 初始化TP-Link路由器控制器: http://192.168.1.1
2025-09-28 04:48:07,413 - INFO - 初始化TP-Link路由器控制器: http://192.168.1.1
2025-09-28 04:50:12,105 - INFO - TP-Link路由器WAN2自动控制脚本
2025-09-28 04:50:12,105 - INFO - 版本: 4.0 (增强版)
2025-09-28 04:50:12,105 - INFO - 初始化TP-Link路由器控制器: http://192.168.1.1
2025-09-28 04:50:12,105 - INFO - ==================================================
2025-09-28 04:50:12,105 - INFO - 开始切换TP-Link路由器WAN2连接
2025-09-28 04:50:12,105 - INFO - ==================================================
2025-09-28 04:50:12,105 - INFO - 设置Chrome WebDriver...
2025-09-28 04:50:12,105 - INFO - ====== WebDriver manager ======
2025-09-28 04:50:12,152 - INFO - Get LATEST chromedriver version for google-chrome
2025-09-28 04:50:12,744 - INFO - Get LATEST chromedriver version for google-chrome
2025-09-28 04:50:13,301 - INFO - Driver [/home/mike/.wdm/drivers/chromedriver/linux64/140.0.7339.207/chromedriver-linux64/chromedriver] found in cache
2025-09-28 04:50:13,509 - INFO - Chrome WebDriver设置成功
2025-09-28 04:50:13,509 - INFO - 开始登录路由器...
2025-09-28 04:50:13,509 - INFO - 路由器地址: http://192.168.1.1
2025-09-28 04:50:13,509 - INFO - 访问登录页面: http://192.168.1.1/webpages/login.html
2025-09-28 04:50:13,837 - INFO - 等待页面加载...
2025-09-28 04:50:15,837 - INFO - 定位用户名输入框...
2025-09-28 04:50:15,842 - INFO - 成功找到用户名输入框
2025-09-28 04:50:15,842 - INFO - 输入用户名: admin
2025-09-28 04:50:15,867 - INFO - 定位密码输入框...
2025-09-28 04:50:18,909 - INFO - 成功找到密码输入框
2025-09-28 04:50:18,909 - INFO - 输入密码...
2025-09-28 04:50:18,927 - INFO - 定位登录按钮...
2025-09-28 04:50:34,064 - INFO - 成功找到登录按钮
2025-09-28 04:50:34,064 - INFO - 点击登录按钮...
2025-09-28 04:50:34,584 - INFO - 等待页面跳转...
2025-09-28 04:50:37,588 - INFO - 登录后页面URL: http://192.168.1.1/webpages/login.html
2025-09-28 04:50:37,588 - WARNING - 登录可能失败
2025-09-28 04:50:37,588 - ERROR - 错误: 登录失败
2025-09-28 04:50:37,644 - INFO - 浏览器已关闭
2025-09-28 04:50:37,644 - ERROR - 
抱歉，IP切换操作失败。
2025-09-28 04:53:18,672 - INFO - TP-Link路由器WAN2自动控制脚本
2025-09-28 04:53:18,672 - INFO - 版本: 4.0 (增强版)
2025-09-28 04:53:18,672 - INFO - 从配置文件加载配置: utils/router_config.json
2025-09-28 04:53:18,672 - INFO - 初始化TP-Link路由器控制器: http://192.168.1.1
2025-09-28 04:53:18,672 - INFO - ==================================================
2025-09-28 04:53:18,672 - INFO - 开始切换TP-Link路由器WAN2连接
2025-09-28 04:53:18,672 - INFO - ==================================================
2025-09-28 04:53:18,672 - INFO - 设置Chrome WebDriver...
2025-09-28 04:53:18,673 - INFO - ====== WebDriver manager ======
2025-09-28 04:53:18,729 - INFO - Get LATEST chromedriver version for google-chrome
2025-09-28 04:53:19,317 - INFO - Get LATEST chromedriver version for google-chrome
2025-09-28 04:53:19,856 - INFO - Driver [/home/mike/.wdm/drivers/chromedriver/linux64/140.0.7339.207/chromedriver-linux64/chromedriver] found in cache
2025-09-28 04:53:20,033 - INFO - Chrome WebDriver设置成功
2025-09-28 04:53:20,033 - INFO - 开始登录路由器...
2025-09-28 04:53:20,033 - INFO - 路由器地址: http://192.168.1.1
2025-09-28 04:53:20,033 - INFO - 访问登录页面: http://192.168.1.1/webpages/login.html
2025-09-28 04:53:20,359 - INFO - 等待页面加载...
2025-09-28 04:53:22,360 - INFO - 定位用户名输入框...
2025-09-28 04:53:22,366 - INFO - 成功找到用户名输入框
2025-09-28 04:53:22,366 - INFO - 输入用户名: wangdg68
2025-09-28 04:53:22,389 - INFO - 定位密码输入框...
2025-09-28 04:53:25,427 - INFO - 成功找到密码输入框
2025-09-28 04:53:25,427 - INFO - 输入密码...
2025-09-28 04:53:25,447 - INFO - 定位登录按钮...
2025-09-28 04:53:40,575 - INFO - 成功找到登录按钮
2025-09-28 04:53:40,575 - INFO - 点击登录按钮...
2025-09-28 04:53:41,098 - INFO - 等待页面跳转...
2025-09-28 04:53:44,101 - INFO - 登录后页面URL: http://192.168.1.1/webpages/index.html
2025-09-28 04:53:44,101 - INFO - 登录成功!
2025-09-28 04:53:44,101 - INFO - 导航到WAN2设置页面...
2025-09-28 04:53:45,101 - INFO - 查找基本设置菜单...
2025-09-28 04:53:48,130 - INFO - 成功找到基本设置菜单
2025-09-28 04:53:48,130 - INFO - 点击基本设置菜单...
2025-09-28 04:53:49,654 - INFO - 查找WAN设置菜单...
2025-09-28 04:53:52,701 - INFO - 成功找到WAN设置菜单
2025-09-28 04:53:52,701 - INFO - 点击WAN设置菜单...
2025-09-28 04:53:53,222 - INFO - 等待WAN设置页面加载...
2025-09-28 04:53:55,222 - INFO - 成功导航到WAN设置页面
2025-09-28 04:53:55,222 - INFO - 
步骤1: 断开WAN2连接...
2025-09-28 04:53:55,222 - INFO - 断开WAN2连接...
2025-09-28 04:54:04,342 - INFO - 成功找到断开按钮
2025-09-28 04:54:04,342 - INFO - 点击断开按钮...
2025-09-28 04:54:05,863 - INFO - WAN2已断开连接
2025-09-28 04:54:05,863 - INFO - 等待5秒...
2025-09-28 04:54:10,863 - INFO - 
步骤2: 连接WAN2...
2025-09-28 04:54:10,863 - INFO - 连接WAN2...
2025-09-28 04:54:22,993 - WARNING - 未通过标准方式找到连接按钮，尝试更通用的查找方法
2025-09-28 04:54:23,031 - INFO - 通过文本内容找到连接按钮
2025-09-28 04:54:23,031 - INFO - 成功找到连接按钮
2025-09-28 04:54:23,031 - INFO - 点击连接按钮...
2025-09-28 04:54:24,552 - INFO - WAN2已连接
2025-09-28 04:54:24,552 - INFO - 等待连接建立(5秒)...
2025-09-28 04:54:29,552 - INFO - 
==================================================
2025-09-28 04:54:29,552 - INFO - WAN2连接切换完成!
2025-09-28 04:54:29,552 - INFO - ==================================================
2025-09-28 04:54:29,610 - INFO - 浏览器已关闭
2025-09-28 04:54:29,611 - INFO - 
恭喜! IP切换操作成功完成。
2025-09-28 04:55:00,935 - INFO - TP-Link路由器WAN2自动控制脚本
2025-09-28 04:55:00,935 - INFO - 版本: 4.0 (增强版)
2025-09-28 04:55:00,935 - INFO - 从配置文件加载配置: utils/router_config.json
2025-09-28 04:55:00,935 - INFO - 初始化TP-Link路由器控制器: http://192.168.1.1
2025-09-28 04:55:00,935 - INFO - ==================================================
2025-09-28 04:55:00,935 - INFO - 开始切换TP-Link路由器WAN2连接
2025-09-28 04:55:00,935 - INFO - ==================================================
2025-09-28 04:55:00,935 - INFO - 设置Chrome WebDriver...
2025-09-28 04:55:00,935 - INFO - ====== WebDriver manager ======
2025-09-28 04:55:00,983 - INFO - Get LATEST chromedriver version for google-chrome
2025-09-28 04:55:01,533 - INFO - Get LATEST chromedriver version for google-chrome
2025-09-28 04:55:02,147 - INFO - Driver [/home/mike/.wdm/drivers/chromedriver/linux64/140.0.7339.207/chromedriver-linux64/chromedriver] found in cache
2025-09-28 04:55:02,322 - INFO - Chrome WebDriver设置成功
2025-09-28 04:55:02,322 - INFO - 开始登录路由器...
2025-09-28 04:55:02,322 - INFO - 路由器地址: http://192.168.1.1
2025-09-28 04:55:02,322 - INFO - 访问登录页面: http://192.168.1.1/webpages/login.html
2025-09-28 04:55:02,760 - INFO - 等待页面加载...
2025-09-28 04:55:04,761 - INFO - 定位用户名输入框...
2025-09-28 04:55:04,766 - INFO - 成功找到用户名输入框
2025-09-28 04:55:04,767 - INFO - 输入用户名: wangdg68
2025-09-28 04:55:04,823 - INFO - 定位密码输入框...
2025-09-28 04:55:07,862 - INFO - 成功找到密码输入框
2025-09-28 04:55:07,862 - INFO - 输入密码...
2025-09-28 04:55:07,883 - INFO - 定位登录按钮...
2025-09-28 04:55:23,058 - INFO - 成功找到登录按钮
2025-09-28 04:55:23,058 - INFO - 点击登录按钮...
2025-09-28 04:55:23,583 - INFO - 等待页面跳转...
2025-09-28 04:55:26,586 - INFO - 登录后页面URL: http://192.168.1.1/webpages/index.html
2025-09-28 04:55:26,586 - INFO - 登录成功!
2025-09-28 04:55:26,586 - INFO - 导航到WAN2设置页面...
2025-09-28 04:55:27,586 - INFO - 查找基本设置菜单...
2025-09-28 04:55:30,640 - INFO - 成功找到基本设置菜单
2025-09-28 04:55:30,640 - INFO - 点击基本设置菜单...
2025-09-28 04:55:32,166 - INFO - 查找WAN设置菜单...
2025-09-28 04:55:35,209 - INFO - 成功找到WAN设置菜单
2025-09-28 04:55:35,210 - INFO - 点击WAN设置菜单...
2025-09-28 04:55:35,736 - INFO - 等待WAN设置页面加载...
2025-09-28 04:55:37,737 - INFO - 成功导航到WAN设置页面
2025-09-28 04:55:37,737 - INFO - 
步骤1: 断开WAN2连接...
2025-09-28 04:55:37,737 - INFO - 断开WAN2连接...
2025-09-28 04:55:46,836 - INFO - 成功找到断开按钮
2025-09-28 04:55:46,836 - INFO - 点击断开按钮...
2025-09-28 04:55:48,355 - INFO - WAN2已断开连接
2025-09-28 04:55:48,355 - INFO - 等待5秒...
2025-09-28 04:55:53,355 - INFO - 
步骤2: 连接WAN2...
2025-09-28 04:55:53,355 - INFO - 连接WAN2...
2025-09-28 04:56:05,487 - WARNING - 未通过标准方式找到连接按钮，尝试更通用的查找方法
2025-09-28 04:56:08,496 - ERROR - 错误: 仍然未找到连接按钮
2025-09-28 04:56:08,503 - ERROR - 错误: 连接WAN2失败
2025-09-28 04:56:08,559 - INFO - 浏览器已关闭
2025-09-28 04:56:08,559 - ERROR - 
抱歉，IP切换操作失败。
2025-09-28 04:57:19,736 - INFO - TP-Link路由器WAN2自动控制脚本
2025-09-28 04:57:19,736 - INFO - 版本: 4.0 (增强版)
2025-09-28 04:57:19,736 - INFO - 从配置文件加载配置: utils/router_config.json
2025-09-28 04:57:19,736 - INFO - 初始化TP-Link路由器控制器: http://192.168.1.1
2025-09-28 04:57:19,736 - INFO - ==================================================
2025-09-28 04:57:19,736 - INFO - 开始切换TP-Link路由器WAN2连接
2025-09-28 04:57:19,736 - INFO - ==================================================
2025-09-28 04:57:19,736 - INFO - 设置Chrome WebDriver...
2025-09-28 04:57:19,736 - INFO - ====== WebDriver manager ======
2025-09-28 04:57:19,784 - INFO - Get LATEST chromedriver version for google-chrome
2025-09-28 04:57:20,328 - INFO - Get LATEST chromedriver version for google-chrome
2025-09-28 04:57:20,892 - INFO - Driver [/home/mike/.wdm/drivers/chromedriver/linux64/140.0.7339.207/chromedriver-linux64/chromedriver] found in cache
2025-09-28 04:57:21,059 - INFO - Chrome WebDriver设置成功
2025-09-28 04:57:21,059 - INFO - 开始登录路由器...
2025-09-28 04:57:21,059 - INFO - 路由器地址: http://192.168.1.1
2025-09-28 04:57:21,059 - INFO - 访问登录页面: http://192.168.1.1/webpages/login.html
2025-09-28 04:57:21,407 - INFO - 等待页面加载...
2025-09-28 04:57:23,407 - INFO - 定位用户名输入框...
2025-09-28 04:57:23,412 - INFO - 成功找到用户名输入框
2025-09-28 04:57:23,412 - INFO - 输入用户名: wangdg68
2025-09-28 04:57:23,469 - INFO - 定位密码输入框...
2025-09-28 04:57:26,507 - INFO - 成功找到密码输入框
2025-09-28 04:57:26,507 - INFO - 输入密码...
2025-09-28 04:57:26,528 - INFO - 定位登录按钮...
2025-09-28 04:57:41,708 - INFO - 成功找到登录按钮
2025-09-28 04:57:41,708 - INFO - 点击登录按钮...
2025-09-28 04:57:42,231 - INFO - 等待页面跳转...
2025-09-28 04:57:45,234 - INFO - 登录后页面URL: http://192.168.1.1/webpages/index.html
2025-09-28 04:57:45,234 - INFO - 登录成功!
2025-09-28 04:57:45,234 - INFO - 导航到WAN2设置页面...
2025-09-28 04:57:46,234 - INFO - 查找基本设置菜单...
2025-09-28 04:57:49,277 - INFO - 成功找到基本设置菜单
2025-09-28 04:57:49,277 - INFO - 点击基本设置菜单...
2025-09-28 04:57:50,798 - INFO - 查找WAN设置菜单...
2025-09-28 04:57:53,848 - INFO - 成功找到WAN设置菜单
2025-09-28 04:57:53,848 - INFO - 点击WAN设置菜单...
2025-09-28 04:57:54,370 - INFO - 等待WAN设置页面加载...
2025-09-28 04:57:56,370 - INFO - 成功导航到WAN设置页面
2025-09-28 04:57:56,370 - INFO - 
步骤1: 断开WAN2连接...
2025-09-28 04:57:56,370 - INFO - 断开WAN2连接...
2025-09-28 04:58:05,477 - INFO - 成功找到断开按钮
2025-09-28 04:58:05,477 - INFO - 点击断开按钮...
2025-09-28 04:58:06,998 - INFO - WAN2已断开连接
2025-09-28 04:58:06,998 - INFO - 等待5秒...
2025-09-28 04:58:11,998 - INFO - 
步骤2: 连接WAN2...
2025-09-28 04:58:11,998 - INFO - 连接WAN2...
2025-09-28 04:58:24,093 - WARNING - 未通过标准方式找到连接按钮，尝试更通用的查找方法
2025-09-28 04:58:24,134 - INFO - 通过文本内容找到连接按钮
2025-09-28 04:58:24,134 - INFO - 成功找到连接按钮
2025-09-28 04:58:24,134 - INFO - 点击连接按钮...
2025-09-28 04:58:25,654 - INFO - WAN2已连接
2025-09-28 04:58:25,654 - INFO - 等待连接建立(5秒)...
2025-09-28 04:58:30,655 - INFO - 
==================================================
2025-09-28 04:58:30,655 - INFO - WAN2连接切换完成!
2025-09-28 04:58:30,655 - INFO - ==================================================
2025-09-28 04:58:30,710 - INFO - 浏览器已关闭
2025-09-28 04:58:30,710 - INFO - 
恭喜! IP切换操作成功完成。
2025-09-28 05:07:45,585 - INFO - TP-Link路由器WAN2自动控制脚本
2025-09-28 05:07:45,585 - INFO - 版本: 4.0 (增强版)
2025-09-28 05:07:45,585 - INFO - 从配置文件加载配置: utils/router_config.json
2025-09-28 05:07:45,585 - INFO - 初始化TP-Link路由器控制器: http://192.168.1.1
2025-09-28 05:07:45,586 - INFO - ==================================================
2025-09-28 05:07:45,586 - INFO - 开始切换TP-Link路由器WAN2连接
2025-09-28 05:07:45,586 - INFO - ==================================================
2025-09-28 05:07:45,586 - INFO - 设置Chrome WebDriver...
2025-09-28 05:07:45,586 - INFO - ====== WebDriver manager ======
2025-09-28 05:07:45,637 - INFO - Get LATEST chromedriver version for google-chrome
2025-09-28 05:07:46,198 - INFO - Get LATEST chromedriver version for google-chrome
2025-09-28 05:07:46,745 - INFO - Driver [/home/mike/.wdm/drivers/chromedriver/linux64/140.0.7339.207/chromedriver-linux64/chromedriver] found in cache
2025-09-28 05:07:46,925 - INFO - Chrome WebDriver设置成功
2025-09-28 05:07:46,925 - INFO - 开始登录路由器...
2025-09-28 05:07:46,925 - INFO - 路由器地址: http://192.168.1.1
2025-09-28 05:07:46,925 - INFO - 访问登录页面: http://192.168.1.1/webpages/login.html
2025-09-28 05:07:47,265 - INFO - 等待页面加载...
2025-09-28 05:07:49,265 - INFO - 定位用户名输入框...
2025-09-28 05:07:49,272 - INFO - 成功找到用户名输入框
2025-09-28 05:07:49,272 - INFO - 输入用户名: wangdg68
2025-09-28 05:07:49,296 - INFO - 定位密码输入框...
2025-09-28 05:07:52,337 - INFO - 成功找到密码输入框
2025-09-28 05:07:52,337 - INFO - 输入密码...
2025-09-28 05:07:52,357 - INFO - 定位登录按钮...
2025-09-28 05:08:07,493 - INFO - 成功找到登录按钮
2025-09-28 05:08:07,493 - INFO - 点击登录按钮...
2025-09-28 05:08:08,018 - INFO - 等待页面跳转...
2025-09-28 05:08:11,021 - INFO - 登录后页面URL: http://192.168.1.1/webpages/index.html
2025-09-28 05:08:11,021 - INFO - 登录成功!
2025-09-28 05:08:11,021 - INFO - 导航到WAN2设置页面...
2025-09-28 05:08:12,021 - INFO - 查找基本设置菜单...
2025-09-28 05:08:15,072 - INFO - 成功找到基本设置菜单
2025-09-28 05:08:15,072 - INFO - 点击基本设置菜单...
2025-09-28 05:08:16,593 - INFO - 查找WAN设置菜单...
2025-09-28 05:08:19,632 - INFO - 成功找到WAN设置菜单
2025-09-28 05:08:19,632 - INFO - 点击WAN设置菜单...
2025-09-28 05:08:20,153 - INFO - 等待WAN设置页面加载...
2025-09-28 05:08:22,153 - INFO - 成功导航到WAN设置页面
2025-09-28 05:08:22,153 - INFO - 
步骤1: 断开WAN2连接...
2025-09-28 05:08:22,153 - INFO - 断开WAN2连接...
2025-09-28 05:08:31,229 - INFO - 成功找到断开按钮
2025-09-28 05:08:31,229 - INFO - 点击断开按钮...
2025-09-28 05:08:32,749 - INFO - WAN2已断开连接
2025-09-28 05:08:32,749 - INFO - 等待5秒...
2025-09-28 05:08:37,749 - INFO - 
步骤2: 连接WAN2...
2025-09-28 05:08:37,749 - INFO - 连接WAN2...
2025-09-28 05:08:49,877 - WARNING - 未通过标准方式找到连接按钮，尝试更通用的查找方法
2025-09-28 05:08:49,914 - INFO - 通过文本内容找到连接按钮
2025-09-28 05:08:49,914 - INFO - 成功找到连接按钮
2025-09-28 05:08:49,914 - INFO - 点击连接按钮...
2025-09-28 05:08:51,436 - INFO - WAN2已连接
2025-09-28 05:08:51,436 - INFO - 等待连接建立(5秒)...
2025-09-28 05:08:56,436 - INFO - 
==================================================
2025-09-28 05:08:56,436 - INFO - WAN2连接切换完成!
2025-09-28 05:08:56,436 - INFO - ==================================================
2025-09-28 05:08:56,492 - INFO - 浏览器已关闭
2025-09-28 05:08:56,492 - INFO - 
恭喜! IP切换操作成功完成。
2025-09-28 05:19:37,861 - INFO - TP-Link路由器WAN2自动控制脚本
2025-09-28 05:19:37,861 - INFO - 版本: 4.0 (增强版)
2025-09-28 05:19:37,861 - INFO - 初始化TP-Link路由器控制器: http://192.168.1.1
2025-09-28 05:19:37,861 - INFO - ==================================================
2025-09-28 05:19:37,861 - INFO - 开始切换TP-Link路由器WAN2连接
2025-09-28 05:19:37,861 - INFO - ==================================================
2025-09-28 05:19:37,861 - INFO - 设置Chrome WebDriver...
2025-09-28 05:19:37,861 - INFO - ====== WebDriver manager ======
2025-09-28 05:19:37,908 - INFO - Get LATEST chromedriver version for google-chrome
2025-09-28 05:19:38,518 - INFO - Get LATEST chromedriver version for google-chrome
2025-09-28 05:19:39,074 - INFO - Driver [/home/mike/.wdm/drivers/chromedriver/linux64/140.0.7339.207/chromedriver-linux64/chromedriver] found in cache
2025-09-28 05:19:39,264 - INFO - Chrome WebDriver设置成功
2025-09-28 05:19:39,265 - INFO - 开始登录路由器...
2025-09-28 05:19:39,265 - INFO - 路由器地址: http://192.168.1.1
2025-09-28 05:19:39,265 - INFO - 访问登录页面: http://192.168.1.1/webpages/login.html
2025-09-28 05:19:39,600 - INFO - 等待页面加载...
2025-09-28 05:19:41,600 - INFO - 定位用户名输入框...
2025-09-28 05:19:41,606 - INFO - 成功找到用户名输入框
2025-09-28 05:19:41,606 - INFO - 输入用户名: admin
2025-09-28 05:19:41,629 - INFO - 定位密码输入框...
2025-09-28 05:19:44,693 - INFO - 成功找到密码输入框
2025-09-28 05:19:44,694 - INFO - 输入密码...
2025-09-28 05:19:44,711 - INFO - 定位登录按钮...
2025-09-28 05:19:59,807 - INFO - 成功找到登录按钮
2025-09-28 05:19:59,807 - INFO - 点击登录按钮...
2025-09-28 05:20:00,328 - INFO - 等待页面跳转...
2025-09-28 05:20:03,330 - INFO - 登录后页面URL: http://192.168.1.1/webpages/login.html
2025-09-28 05:20:03,330 - WARNING - 登录可能失败
2025-09-28 05:20:03,330 - ERROR - 错误: 登录失败
2025-09-28 05:20:03,386 - INFO - 浏览器已关闭
2025-09-28 05:20:03,386 - ERROR - 
抱歉，IP切换操作失败。
2025-09-28 06:52:46,675 - INFO - TP-Link路由器WAN2自动控制脚本
2025-09-28 06:52:46,675 - INFO - 版本: 4.0 (增强版)
2025-09-28 06:52:46,675 - INFO - 初始化TP-Link路由器控制器: http://192.168.1.1
2025-09-28 06:52:46,675 - INFO - ==================================================
2025-09-28 06:52:46,675 - INFO - 开始切换TP-Link路由器WAN2连接
2025-09-28 06:52:46,675 - INFO - ==================================================
2025-09-28 06:52:46,675 - INFO - 设置Chrome WebDriver...
2025-09-28 06:52:46,675 - INFO - ====== WebDriver manager ======
2025-09-28 06:52:46,726 - INFO - Get LATEST chromedriver version for google-chrome
2025-09-28 06:52:47,320 - INFO - Get LATEST chromedriver version for google-chrome
2025-09-28 06:52:47,637 - INFO - Driver [/home/mike/.wdm/drivers/chromedriver/linux64/140.0.7339.207/chromedriver-linux64/chromedriver] found in cache
2025-09-28 06:52:48,393 - INFO - Chrome WebDriver设置成功
2025-09-28 06:52:48,394 - INFO - 开始登录路由器...
2025-09-28 06:52:48,394 - INFO - 路由器地址: http://192.168.1.1
2025-09-28 06:52:48,394 - INFO - 访问登录页面: http://192.168.1.1/webpages/login.html
2025-09-28 06:52:48,700 - INFO - 等待页面加载...
2025-09-28 06:52:50,700 - INFO - 定位用户名输入框...
2025-09-28 06:52:50,706 - INFO - 成功找到用户名输入框
2025-09-28 06:52:50,706 - INFO - 输入用户名: admin
2025-09-28 06:52:50,738 - INFO - 定位密码输入框...
2025-09-28 06:52:53,784 - INFO - 成功找到密码输入框
2025-09-28 06:52:53,784 - INFO - 输入密码...
2025-09-28 06:52:53,801 - INFO - 定位登录按钮...
2025-09-28 06:53:08,923 - INFO - 成功找到登录按钮
2025-09-28 06:53:08,923 - INFO - 点击登录按钮...
2025-09-28 06:53:09,448 - INFO - 等待页面跳转...
2025-09-28 06:53:12,450 - INFO - 登录后页面URL: http://192.168.1.1/webpages/login.html
2025-09-28 06:53:12,451 - WARNING - 登录可能失败
2025-09-28 06:53:12,451 - ERROR - 错误: 登录失败
2025-09-28 06:53:12,556 - INFO - 浏览器已关闭
2025-09-28 06:53:12,556 - ERROR - 
抱歉，IP切换操作失败。
2025-09-28 06:54:43,495 - INFO - TP-Link路由器WAN2自动控制脚本
2025-09-28 06:54:43,496 - INFO - 版本: 4.1 (修复版)
2025-09-28 06:54:43,496 - INFO - 初始化TP-Link路由器控制器: http://192.168.1.1
2025-09-28 06:54:43,496 - INFO - ==================================================
2025-09-28 06:54:43,496 - INFO - 开始切换TP-Link路由器WAN2连接
2025-09-28 06:54:43,496 - INFO - ==================================================
2025-09-28 06:54:43,496 - INFO - 设置Chrome WebDriver...
2025-09-28 06:54:43,496 - INFO - ====== WebDriver manager ======
2025-09-28 06:54:43,543 - INFO - Get LATEST chromedriver version for google-chrome
2025-09-28 06:54:43,901 - INFO - Get LATEST chromedriver version for google-chrome
2025-09-28 06:54:44,225 - INFO - Driver [/home/mike/.wdm/drivers/chromedriver/linux64/140.0.7339.207/chromedriver-linux64/chromedriver] found in cache
2025-09-28 06:54:44,404 - INFO - Chrome WebDriver设置成功
2025-09-28 06:54:44,404 - INFO - 开始登录路由器...
2025-09-28 06:54:44,404 - INFO - 路由器地址: http://192.168.1.1
2025-09-28 06:54:44,404 - INFO - 访问登录页面: http://192.168.1.1/webpages/login.html
2025-09-28 06:54:44,696 - INFO - 等待页面加载...
2025-09-28 06:54:46,697 - INFO - 定位用户名输入框...
2025-09-28 06:54:46,702 - INFO - 成功找到用户名输入框
2025-09-28 06:54:46,702 - INFO - 输入用户名: wangdg68
2025-09-28 06:54:46,725 - INFO - 定位密码输入框...
2025-09-28 06:54:49,761 - INFO - 成功找到密码输入框
2025-09-28 06:54:49,761 - INFO - 输入密码...
2025-09-28 06:54:49,782 - INFO - 定位登录按钮...
2025-09-28 06:54:49,789 - INFO - 成功找到登录按钮
2025-09-28 06:54:49,790 - INFO - 点击登录按钮...
2025-09-28 06:54:50,318 - INFO - 等待页面跳转...
2025-09-28 06:54:53,320 - INFO - 登录后页面URL: http://192.168.1.1/webpages/index.html
2025-09-28 06:54:53,320 - INFO - 登录成功!
2025-09-28 06:54:53,320 - INFO - 导航到WAN2设置页面...
2025-09-28 06:54:54,320 - INFO - 查找基本设置菜单...
2025-09-28 06:54:57,355 - INFO - 成功找到基本设置菜单
2025-09-28 06:54:57,355 - INFO - 点击基本设置菜单...
2025-09-28 06:54:58,875 - INFO - 查找WAN设置菜单...
2025-09-28 06:55:01,911 - INFO - 成功找到WAN设置菜单
2025-09-28 06:55:01,911 - INFO - 点击WAN设置菜单...
2025-09-28 06:55:02,432 - INFO - 等待WAN设置页面加载...
2025-09-28 06:55:04,433 - INFO - 成功导航到WAN设置页面
2025-09-28 06:55:04,433 - INFO - 
步骤1: 断开WAN2连接...
2025-09-28 06:55:04,433 - INFO - 断开WAN2连接...
2025-09-28 06:55:13,550 - INFO - 成功找到断开按钮
2025-09-28 06:55:13,550 - INFO - 点击断开按钮...
2025-09-28 06:55:15,071 - INFO - WAN2已断开连接
2025-09-28 06:55:15,071 - INFO - 等待5秒...
2025-09-28 06:55:20,071 - INFO - 
步骤2: 连接WAN2...
2025-09-28 06:55:20,071 - INFO - 连接WAN2...
2025-09-28 06:55:32,161 - WARNING - 未通过标准方式找到连接按钮，尝试更通用的查找方法
2025-09-28 06:55:35,213 - ERROR - 错误: 仍然未找到连接按钮
2025-09-28 06:55:35,214 - ERROR - 错误: 连接WAN2失败
2025-09-28 06:55:35,270 - INFO - 浏览器已关闭
2025-09-28 06:55:35,270 - ERROR - 
抱歉，IP切换操作失败。
2025-09-28 07:01:34,197 - INFO - TP-Link路由器WAN2自动控制脚本
2025-09-28 07:01:34,197 - INFO - 版本: 4.0 (增强版)
2025-09-28 07:01:34,198 - INFO - 从配置文件加载配置: utils/router_config.json
2025-09-28 07:01:34,198 - INFO - 初始化TP-Link路由器控制器: http://192.168.1.1
2025-09-28 07:01:34,198 - INFO - ==================================================
2025-09-28 07:01:34,198 - INFO - 开始切换TP-Link路由器WAN2连接
2025-09-28 07:01:34,198 - INFO - ==================================================
2025-09-28 07:01:34,198 - INFO - 设置Chrome WebDriver...
2025-09-28 07:01:34,198 - INFO - ====== WebDriver manager ======
2025-09-28 07:01:34,247 - INFO - Get LATEST chromedriver version for google-chrome
2025-09-28 07:01:34,814 - INFO - Get LATEST chromedriver version for google-chrome
2025-09-28 07:01:35,369 - INFO - Driver [/home/mike/.wdm/drivers/chromedriver/linux64/140.0.7339.207/chromedriver-linux64/chromedriver] found in cache
2025-09-28 07:01:35,553 - INFO - Chrome WebDriver设置成功
2025-09-28 07:01:35,553 - INFO - 开始登录路由器...
2025-09-28 07:01:35,553 - INFO - 路由器地址: http://192.168.1.1
2025-09-28 07:01:35,553 - INFO - 访问登录页面: http://192.168.1.1/webpages/login.html
2025-09-28 07:01:35,851 - INFO - 等待页面加载...
2025-09-28 07:01:37,852 - INFO - 定位用户名输入框...
2025-09-28 07:01:37,857 - INFO - 成功找到用户名输入框
2025-09-28 07:01:37,857 - INFO - 输入用户名: wangdg68
2025-09-28 07:01:37,914 - INFO - 定位密码输入框...
2025-09-28 07:01:40,956 - INFO - 成功找到密码输入框
2025-09-28 07:01:40,956 - INFO - 输入密码...
2025-09-28 07:01:40,980 - INFO - 定位登录按钮...
2025-09-28 07:01:56,205 - INFO - 成功找到登录按钮
2025-09-28 07:01:56,205 - INFO - 点击登录按钮...
2025-09-28 07:01:56,728 - INFO - 等待页面跳转...
2025-09-28 07:01:59,732 - INFO - 登录后页面URL: http://192.168.1.1/webpages/index.html
2025-09-28 07:01:59,732 - INFO - 登录成功!
2025-09-28 07:01:59,732 - INFO - 导航到WAN设置页面...
2025-09-28 07:02:00,733 - INFO - 查找基本设置菜单...
2025-09-28 07:02:03,758 - INFO - 成功找到基本设置菜单
2025-09-28 07:02:03,758 - INFO - 点击基本设置菜单...
2025-09-28 07:02:05,279 - INFO - 查找WAN设置菜单...
2025-09-28 07:02:08,304 - INFO - 成功找到WAN设置菜单
2025-09-28 07:02:08,304 - INFO - 点击WAN设置菜单...
2025-09-28 07:02:08,825 - INFO - 等待WAN设置页面加载...
2025-09-28 07:02:10,825 - INFO - 成功导航到WAN设置页面
2025-09-28 07:02:10,825 - INFO - 选择WAN2接口设置...
2025-09-28 07:02:11,825 - INFO - 查找WAN2设置选项...
2025-09-28 07:02:14,840 - INFO - 成功找到WAN2设置选项
2025-09-28 07:02:14,840 - INFO - 点击WAN2设置选项...
2025-09-28 07:02:15,360 - INFO - 等待接口设置frame变化...
2025-09-28 07:02:16,360 - INFO - 成功选择WAN2接口设置
2025-09-28 07:02:16,360 - INFO - 
步骤1: 断开WAN2连接...
2025-09-28 07:02:16,360 - INFO - 断开WAN2连接...
2025-09-28 07:02:25,418 - INFO - 成功找到断开按钮
2025-09-28 07:02:25,418 - INFO - 点击断开按钮...
2025-09-28 07:02:26,936 - INFO - WAN2已断开连接
2025-09-28 07:02:26,937 - INFO - 等待1秒...
2025-09-28 07:02:27,937 - INFO - 
步骤2: 连接WAN2...
2025-09-28 07:02:27,937 - INFO - 连接WAN2...
2025-09-28 07:02:40,072 - WARNING - 未通过标准方式找到连接按钮，尝试更通用的查找方法
2025-09-28 07:02:40,112 - INFO - 通过文本内容找到连接按钮
2025-09-28 07:02:40,112 - INFO - 成功找到连接按钮
2025-09-28 07:02:40,112 - INFO - 点击连接按钮...
2025-09-28 07:02:41,633 - INFO - WAN2已连接
2025-09-28 07:02:41,633 - INFO - 等待5秒...
2025-09-28 07:02:46,633 - INFO - 
==================================================
2025-09-28 07:02:46,633 - INFO - WAN2连接切换完成!
2025-09-28 07:02:46,633 - INFO - ==================================================
2025-09-28 07:02:46,689 - INFO - 浏览器已关闭
2025-09-28 07:02:46,689 - INFO - 
恭喜! IP切换操作成功完成。
2025-09-28 07:03:19,220 - INFO - TP-Link路由器WAN2自动控制脚本
2025-09-28 07:03:19,220 - INFO - 版本: 4.0 (增强版)
2025-09-28 07:03:19,220 - INFO - 从配置文件加载配置: utils/router_config.json
2025-09-28 07:03:19,220 - INFO - 初始化TP-Link路由器控制器: http://192.168.1.1
2025-09-28 07:03:19,220 - INFO - ==================================================
2025-09-28 07:03:19,220 - INFO - 开始切换TP-Link路由器WAN2连接
2025-09-28 07:03:19,220 - INFO - ==================================================
2025-09-28 07:03:19,220 - INFO - 设置Chrome WebDriver...
2025-09-28 07:03:19,220 - INFO - ====== WebDriver manager ======
2025-09-28 07:03:19,264 - INFO - Get LATEST chromedriver version for google-chrome
2025-09-28 07:03:19,573 - INFO - Get LATEST chromedriver version for google-chrome
2025-09-28 07:03:19,886 - INFO - Driver [/home/mike/.wdm/drivers/chromedriver/linux64/140.0.7339.207/chromedriver-linux64/chromedriver] found in cache
2025-09-28 07:03:20,077 - INFO - Chrome WebDriver设置成功
2025-09-28 07:03:20,077 - INFO - 开始登录路由器...
2025-09-28 07:03:20,077 - INFO - 路由器地址: http://192.168.1.1
2025-09-28 07:03:20,077 - INFO - 访问登录页面: http://192.168.1.1/webpages/login.html
2025-09-28 07:03:20,375 - INFO - 等待页面加载...
2025-09-28 07:03:22,375 - INFO - 定位用户名输入框...
2025-09-28 07:03:22,382 - INFO - 成功找到用户名输入框
2025-09-28 07:03:22,382 - INFO - 输入用户名: wangdg68
2025-09-28 07:03:22,438 - INFO - 定位密码输入框...
2025-09-28 07:03:25,466 - INFO - 成功找到密码输入框
2025-09-28 07:03:25,467 - INFO - 输入密码...
2025-09-28 07:03:25,487 - INFO - 定位登录按钮...
2025-09-28 07:03:40,615 - INFO - 成功找到登录按钮
2025-09-28 07:03:40,615 - INFO - 点击登录按钮...
2025-09-28 07:03:41,137 - INFO - 等待页面跳转...
2025-09-28 07:03:44,139 - INFO - 登录后页面URL: http://192.168.1.1/webpages/index.html
2025-09-28 07:03:44,139 - INFO - 登录成功!
2025-09-28 07:03:44,139 - INFO - 导航到WAN设置页面...
2025-09-28 07:03:45,140 - INFO - 查找基本设置菜单...
2025-09-28 07:03:48,168 - INFO - 成功找到基本设置菜单
2025-09-28 07:03:48,168 - INFO - 点击基本设置菜单...
2025-09-28 07:03:49,689 - INFO - 查找WAN设置菜单...
2025-09-28 07:03:52,709 - INFO - 成功找到WAN设置菜单
2025-09-28 07:03:52,709 - INFO - 点击WAN设置菜单...
2025-09-28 07:03:53,229 - INFO - 等待WAN设置页面加载...
2025-09-28 07:03:55,229 - INFO - 成功导航到WAN设置页面
2025-09-28 07:03:55,229 - INFO - 选择WAN2接口设置...
2025-09-28 07:03:56,229 - INFO - 查找WAN2设置选项...
2025-09-28 07:03:59,264 - INFO - 成功找到WAN2设置选项
2025-09-28 07:03:59,264 - INFO - 点击WAN2设置选项...
2025-09-28 07:03:59,784 - INFO - 等待接口设置frame变化...
2025-09-28 07:04:00,785 - INFO - 成功选择WAN2接口设置
2025-09-28 07:04:00,785 - INFO - 
步骤1: 断开WAN2连接...
2025-09-28 07:04:00,785 - INFO - 断开WAN2连接...
2025-09-28 07:04:09,882 - INFO - 成功找到断开按钮
2025-09-28 07:04:09,882 - INFO - 点击断开按钮...
2025-09-28 07:04:11,405 - INFO - WAN2已断开连接
2025-09-28 07:04:11,405 - INFO - 等待1秒...
2025-09-28 07:04:12,405 - INFO - 
步骤2: 连接WAN2...
2025-09-28 07:04:12,405 - INFO - 连接WAN2...
2025-09-28 07:04:24,544 - WARNING - 未通过标准方式找到连接按钮，尝试更通用的查找方法
2025-09-28 07:04:24,580 - INFO - 通过文本内容找到连接按钮
2025-09-28 07:04:24,580 - INFO - 成功找到连接按钮
2025-09-28 07:04:24,580 - INFO - 点击连接按钮...
2025-09-28 07:04:26,099 - INFO - WAN2已连接
2025-09-28 07:04:26,099 - INFO - 等待5秒...
2025-09-28 07:04:31,099 - INFO - 
==================================================
2025-09-28 07:04:31,099 - INFO - WAN2连接切换完成!
2025-09-28 07:04:31,099 - INFO - ==================================================
2025-09-28 07:04:31,158 - INFO - 浏览器已关闭
2025-09-28 07:04:31,158 - INFO - 
恭喜! IP切换操作成功完成。
2025-09-29 06:45:41,682 - INFO - ====== WebDriver manager ======
2025-09-29 06:45:41,743 - INFO - Get LATEST chromedriver version for google-chrome
2025-09-29 06:45:42,399 - INFO - Get LATEST chromedriver version for google-chrome
2025-09-29 06:45:42,716 - INFO - Driver [/home/mike/.wdm/drivers/chromedriver/linux64/140.0.7339.207/chromedriver-linux64/chromedriver] found in cache
2025-09-29 06:45:55,099 - INFO - 成功获取IP地址: 112.42.69.13
2025-09-29 07:51:30,536 - INFO - ====== WebDriver manager ======
2025-09-29 07:51:30,583 - INFO - Get LATEST chromedriver version for google-chrome
2025-09-29 07:51:31,194 - INFO - Get LATEST chromedriver version for google-chrome
2025-09-29 07:51:31,506 - INFO - Driver [/home/mike/.wdm/drivers/chromedriver/linux64/140.0.7339.207/chromedriver-linux64/chromedriver] found in cache
2025-09-29 07:51:43,675 - INFO - 成功获取IP地址: 112.42.69.84
2025-09-29 07:54:08,204 - INFO - ====== WebDriver manager ======
2025-09-29 07:54:08,253 - INFO - Get LATEST chromedriver version for google-chrome
2025-09-29 07:54:08,616 - INFO - Get LATEST chromedriver version for google-chrome
2025-09-29 07:54:08,948 - INFO - Driver [/home/mike/.wdm/drivers/chromedriver/linux64/140.0.7339.207/chromedriver-linux64/chromedriver] found in cache
2025-09-29 07:54:21,286 - INFO - 成功获取IP地址: 112.42.69.106
2025-09-29 08:21:57,397 - INFO - ====== WebDriver manager ======
2025-09-29 08:21:57,455 - INFO - Get LATEST chromedriver version for google-chrome
2025-09-29 08:21:58,050 - INFO - Get LATEST chromedriver version for google-chrome
2025-09-29 08:21:58,369 - INFO - Driver [/home/mike/.wdm/drivers/chromedriver/linux64/140.0.7339.207/chromedriver-linux64/chromedriver] found in cache
2025-09-29 08:22:10,415 - INFO - 成功获取IP地址: 112.42.69.106
2025-09-29 09:31:53,293 - INFO - ====== WebDriver manager ======
2025-09-29 09:31:53,344 - INFO - Get LATEST chromedriver version for google-chrome
2025-09-29 09:31:53,996 - INFO - Get LATEST chromedriver version for google-chrome
2025-09-29 09:31:54,396 - INFO - Driver [/home/mike/.wdm/drivers/chromedriver/linux64/140.0.7339.207/chromedriver-linux64/chromedriver] found in cache
2025-09-29 09:32:06,370 - INFO - 成功获取IP地址: 223.102.69.19
