2025-09-28 05:38:34,881 - INFO - TP-Link路由器WAN2 IP切换脚本
2025-09-28 05:38:34,881 - INFO - 版本: 2.0 (增强版)
2025-09-28 05:38:34,881 - INFO - 初始化TP-Link路由器控制器: http://192.168.1.1
2025-09-28 05:38:34,881 - INFO - ==================================================
2025-09-28 05:38:34,881 - INFO - 开始切换TP-Link路由器WAN2连接
2025-09-28 05:38:34,881 - INFO - ==================================================
2025-09-28 05:38:34,881 - INFO - 设置Chrome WebDriver...
2025-09-28 05:38:34,881 - INFO - ====== WebDriver manager ======
2025-09-28 05:38:34,930 - INFO - Get LATEST chromedriver version for google-chrome
2025-09-28 05:38:35,260 - INFO - Get LATEST chromedriver version for google-chrome
2025-09-28 05:38:35,564 - INFO - Driver [/home/mike/.wdm/drivers/chromedriver/linux64/140.0.7339.207/chromedriver-linux64/chromedriver] found in cache
2025-09-28 05:38:35,754 - INFO - Chrome WebDriver设置成功
2025-09-28 05:38:35,754 - INFO - 开始登录路由器...
2025-09-28 05:38:35,754 - INFO - 路由器地址: http://192.168.1.1
2025-09-28 05:38:35,754 - INFO - 访问登录页面: http://192.168.1.1/webpages/login.html
2025-09-28 05:38:36,128 - INFO - 等待页面加载...
2025-09-28 05:38:38,128 - INFO - 定位用户名输入框...
2025-09-28 05:38:38,134 - INFO - 成功找到用户名输入框
2025-09-28 05:38:38,134 - INFO - 输入用户名: wangdg68
2025-09-28 05:38:38,159 - INFO - 定位密码输入框...
2025-09-28 05:38:41,188 - INFO - 成功找到密码输入框
2025-09-28 05:38:41,189 - INFO - 输入密码...
2025-09-28 05:38:41,211 - INFO - 定位登录按钮...
2025-09-28 05:38:56,381 - INFO - 成功找到登录按钮
2025-09-28 05:38:56,381 - INFO - 点击登录按钮...
2025-09-28 05:38:56,903 - INFO - 等待页面跳转...
2025-09-28 05:38:59,907 - INFO - 登录后页面URL: http://192.168.1.1/webpages/index.html
2025-09-28 05:38:59,907 - INFO - 登录成功!
2025-09-28 05:38:59,907 - INFO - 导航到WAN2设置页面...
2025-09-28 05:39:00,907 - INFO - 查找基本设置菜单...
2025-09-28 05:39:03,948 - INFO - 成功找到基本设置菜单
2025-09-28 05:39:03,948 - INFO - 点击基本设置菜单...
2025-09-28 05:39:05,469 - INFO - 查找WAN设置菜单...
2025-09-28 05:39:08,519 - INFO - 成功找到WAN设置菜单
2025-09-28 05:39:08,519 - INFO - 点击WAN设置菜单...
2025-09-28 05:39:09,039 - INFO - 等待WAN设置页面加载...
2025-09-28 05:39:11,039 - INFO - 成功导航到WAN设置页面
2025-09-28 05:39:11,039 - INFO - 
开始切换IP地址...
2025-09-28 05:39:11,039 - INFO - 开始获取原始IP地址...
2025-09-28 05:39:11,039 - INFO - 获取当前公网IP地址...
2025-09-28 05:39:12,337 - INFO - 当前公网IP地址: 154.64.226.146
2025-09-28 05:39:12,337 - INFO - 
--- 第 1 次尝试 ---
2025-09-28 05:39:12,337 - INFO - 断开WAN2连接...
2025-09-28 05:39:12,337 - INFO - 断开WAN2连接...
2025-09-28 05:39:21,428 - INFO - 成功找到断开按钮
2025-09-28 05:39:21,429 - INFO - 点击断开按钮...
2025-09-28 05:39:22,947 - INFO - WAN2已断开连接
2025-09-28 05:39:22,947 - INFO - 等待3秒...
2025-09-28 05:39:25,947 - INFO - 连接WAN2...
2025-09-28 05:39:25,948 - INFO - 连接WAN2...
2025-09-28 05:39:38,084 - WARNING - 未通过标准方式找到连接按钮，尝试更通用的查找方法
2025-09-28 05:39:38,135 - INFO - 通过文本内容找到连接按钮
2025-09-28 05:39:38,135 - INFO - 成功找到连接按钮
2025-09-28 05:39:38,135 - INFO - 点击连接按钮...
2025-09-28 05:39:39,657 - INFO - WAN2已连接
2025-09-28 05:39:39,657 - INFO - 等待连接建立(6秒)...
2025-09-28 05:39:45,657 - INFO - 检查IP地址是否改变...
2025-09-28 05:39:45,657 - INFO - 获取当前公网IP地址...
2025-09-28 05:39:47,212 - INFO - 当前公网IP地址: 154.64.226.146
2025-09-28 05:39:47,212 - INFO - IP地址未改变: 154.64.226.146
2025-09-28 05:39:47,212 - INFO - 
--- 第 2 次尝试 ---
2025-09-28 05:39:47,212 - INFO - 断开WAN2连接...
2025-09-28 05:39:47,212 - INFO - 断开WAN2连接...
2025-09-28 05:39:59,322 - WARNING - 未通过标准方式找到断开按钮，尝试更通用的查找方法
2025-09-28 05:40:02,334 - ERROR - 错误: 仍然未找到断开按钮
2025-09-28 05:40:02,334 - WARNING - 断开WAN2连接失败
2025-09-28 05:40:05,334 - INFO - 
--- 第 3 次尝试 ---
2025-09-28 05:40:05,334 - INFO - 断开WAN2连接...
2025-09-28 05:40:05,334 - INFO - 断开WAN2连接...
2025-09-28 05:40:17,375 - WARNING - 未通过标准方式找到断开按钮，尝试更通用的查找方法
2025-09-28 05:40:20,399 - ERROR - 错误: 仍然未找到断开按钮
2025-09-28 05:40:20,400 - WARNING - 断开WAN2连接失败
2025-09-28 05:40:23,400 - INFO - 
--- 第 4 次尝试 ---
2025-09-28 05:40:23,400 - INFO - 断开WAN2连接...
2025-09-28 05:40:23,400 - INFO - 断开WAN2连接...
2025-09-28 05:40:35,448 - WARNING - 未通过标准方式找到断开按钮，尝试更通用的查找方法
2025-09-28 05:40:38,503 - ERROR - 错误: 仍然未找到断开按钮
2025-09-28 05:40:38,503 - WARNING - 断开WAN2连接失败
2025-09-28 05:40:41,503 - INFO - 
--- 第 5 次尝试 ---
2025-09-28 05:40:41,503 - INFO - 断开WAN2连接...
2025-09-28 05:40:41,503 - INFO - 断开WAN2连接...
2025-09-28 05:40:53,552 - WARNING - 未通过标准方式找到断开按钮，尝试更通用的查找方法
2025-09-28 05:40:56,567 - ERROR - 错误: 仍然未找到断开按钮
2025-09-28 05:40:56,567 - WARNING - 断开WAN2连接失败
2025-09-28 05:40:59,568 - ERROR - 已达到最大尝试次数 (5)，未能完成IP切换
2025-09-28 05:40:59,568 - ERROR - IP地址切换失败
2025-09-28 05:40:59,623 - INFO - 浏览器已关闭
2025-09-28 05:40:59,623 - ERROR - 
抱歉，IP切换操作失败。
2025-09-28 05:52:22,637 - INFO - TP-Link路由器WAN2 IP切换脚本
2025-09-28 05:52:22,637 - INFO - 版本: 2.0 (增强版)
2025-09-28 05:52:22,637 - INFO - 初始化TP-Link路由器控制器: http://192.168.1.1
2025-09-28 05:52:22,637 - INFO - ==================================================
2025-09-28 05:52:22,637 - INFO - 开始切换TP-Link路由器WAN2连接
2025-09-28 05:52:22,637 - INFO - ==================================================
2025-09-28 05:52:22,637 - INFO - 设置Chrome WebDriver...
2025-09-28 05:52:22,637 - INFO - ====== WebDriver manager ======
2025-09-28 05:52:22,682 - INFO - Get LATEST chromedriver version for google-chrome
2025-09-28 05:52:23,747 - INFO - Get LATEST chromedriver version for google-chrome
2025-09-28 05:52:24,365 - INFO - Driver [/home/mike/.wdm/drivers/chromedriver/linux64/140.0.7339.207/chromedriver-linux64/chromedriver] found in cache
2025-09-28 05:52:24,541 - INFO - Chrome WebDriver设置成功
2025-09-28 05:52:24,541 - INFO - 开始登录路由器...
2025-09-28 05:52:24,541 - INFO - 路由器地址: http://192.168.1.1
2025-09-28 05:52:24,541 - INFO - 访问登录页面: http://192.168.1.1/webpages/login.html
2025-09-28 05:52:24,872 - INFO - 等待页面加载...
2025-09-28 05:52:26,872 - INFO - 定位用户名输入框...
2025-09-28 05:52:26,877 - INFO - 成功找到用户名输入框
2025-09-28 05:52:26,877 - INFO - 输入用户名: wangdg68
2025-09-28 05:52:26,901 - INFO - 定位密码输入框...
2025-09-28 05:52:29,940 - INFO - 成功找到密码输入框
2025-09-28 05:52:29,940 - INFO - 输入密码...
2025-09-28 05:52:29,960 - INFO - 定位登录按钮...
2025-09-28 05:52:45,096 - INFO - 成功找到登录按钮
2025-09-28 05:52:45,096 - INFO - 点击登录按钮...
2025-09-28 05:52:45,619 - INFO - 等待页面跳转...
2025-09-28 05:52:48,622 - INFO - 登录后页面URL: http://192.168.1.1/webpages/index.html
2025-09-28 05:52:48,622 - INFO - 登录成功!
2025-09-28 05:52:48,622 - INFO - 导航到WAN2设置页面...
2025-09-28 05:52:49,622 - INFO - 查找基本设置菜单...
2025-09-28 05:52:52,665 - INFO - 成功找到基本设置菜单
2025-09-28 05:52:52,665 - INFO - 点击基本设置菜单...
2025-09-28 05:52:54,186 - INFO - 查找WAN设置菜单...
2025-09-28 05:52:57,211 - INFO - 成功找到WAN设置菜单
2025-09-28 05:52:57,211 - INFO - 点击WAN设置菜单...
2025-09-28 05:52:57,731 - INFO - 等待WAN设置页面加载...
2025-09-28 05:52:59,731 - INFO - 在右边窗口查找WAN2设置选项...
2025-09-28 05:52:59,745 - WARNING - 未找到右侧WAN2特定设置，将继续使用默认WAN设置
2025-09-28 05:52:59,745 - INFO - 成功导航到WAN设置页面
2025-09-28 05:52:59,745 - INFO - 
开始切换IP地址...
2025-09-28 05:52:59,745 - INFO - 开始获取原始IP地址...
2025-09-28 05:52:59,745 - INFO - 获取当前公网IP地址...
2025-09-28 05:53:01,170 - INFO - 当前公网IP地址: 154.64.226.146
2025-09-28 05:53:01,170 - INFO - 
--- 第 1 次尝试 ---
2025-09-28 05:53:01,170 - INFO - 断开WAN2连接...
2025-09-28 05:53:01,170 - INFO - 断开WAN2连接...
2025-09-28 05:53:01,171 - INFO - 查找右侧WAN2断开按钮...
2025-09-28 05:53:07,230 - WARNING - 未找到右侧WAN2断开按钮，将使用标准方法查找
2025-09-28 05:53:07,230 - WARNING - 基于位置查找右侧断开按钮失败: 未找到右侧按钮，需要回退
2025-09-28 05:53:16,289 - INFO - 成功找到断开按钮
2025-09-28 05:53:16,289 - INFO - 点击断开按钮...
2025-09-28 05:53:17,813 - INFO - WAN2已断开连接
2025-09-28 05:53:17,813 - INFO - 等待3秒...
2025-09-28 05:53:20,813 - INFO - 连接WAN2...
2025-09-28 05:53:20,813 - INFO - 连接WAN2...
2025-09-28 05:53:20,813 - INFO - 查找右侧WAN2连接按钮...
2025-09-28 05:53:26,872 - WARNING - 未找到右侧WAN2连接按钮，将使用标准方法查找
2025-09-28 05:53:26,872 - WARNING - 基于位置查找右侧连接按钮失败: 未找到右侧按钮，需要回退
2025-09-28 05:53:38,988 - WARNING - 未通过标准方式找到连接按钮，尝试更通用的查找方法
2025-09-28 05:53:42,038 - ERROR - 错误: 仍然未找到连接按钮
2025-09-28 05:53:42,038 - WARNING - 连接WAN2失败
2025-09-28 05:53:45,038 - INFO - 
--- 第 2 次尝试 ---
2025-09-28 05:53:45,038 - INFO - 断开WAN2连接...
2025-09-28 05:53:45,038 - INFO - 断开WAN2连接...
2025-09-28 05:53:45,038 - INFO - 查找右侧WAN2断开按钮...
2025-09-28 05:53:51,056 - WARNING - 未找到右侧WAN2断开按钮，将使用标准方法查找
2025-09-28 05:53:51,056 - WARNING - 基于位置查找右侧断开按钮失败: 未找到右侧按钮，需要回退
