2025-09-28 07:33:58,995 - INFO - 通过函数调用方式切换TP-Link路由器WAN2连接
2025-09-28 07:33:58,995 - INFO - 初始化TP-Link路由器控制器: http://192.168.1.1
2025-09-28 07:33:58,995 - INFO - ==================================================
2025-09-28 07:33:58,995 - INFO - 开始切换TP-Link路由器WAN2连接
2025-09-28 07:33:58,995 - INFO - ==================================================
2025-09-28 07:33:58,995 - INFO - 设置Chrome WebDriver...
2025-09-28 07:33:58,995 - INFO - ====== WebDriver manager ======
2025-09-28 07:33:59,043 - INFO - Get LATEST chromedriver version for google-chrome
2025-09-28 07:33:59,661 - INFO - Get LATEST chromedriver version for google-chrome
2025-09-28 07:33:59,973 - INFO - Driver [/home/mike/.wdm/drivers/chromedriver/linux64/140.0.7339.207/chromedriver-linux64/chromedriver] found in cache
2025-09-28 07:34:00,139 - INFO - Chrome WebDriver设置成功
2025-09-28 07:34:00,139 - INFO - 开始登录路由器...
2025-09-28 07:34:00,139 - INFO - 路由器地址: http://192.168.1.1
2025-09-28 07:34:00,139 - INFO - 访问登录页面: http://192.168.1.1/webpages/login.html
2025-09-28 07:34:00,497 - INFO - 等待页面加载...
2025-09-28 07:34:02,497 - INFO - 定位用户名输入框...
2025-09-28 07:34:02,503 - INFO - 成功找到用户名输入框
2025-09-28 07:34:02,503 - INFO - 输入用户名: wangdg68
2025-09-28 07:34:02,571 - INFO - 定位密码输入框...
2025-09-28 07:34:05,597 - INFO - 成功找到密码输入框
2025-09-28 07:34:05,597 - INFO - 输入密码...
2025-09-28 07:34:05,619 - INFO - 定位登录按钮...
2025-09-28 07:34:20,741 - INFO - 成功找到登录按钮
2025-09-28 07:34:20,741 - INFO - 点击登录按钮...
2025-09-28 07:34:21,265 - INFO - 等待页面跳转...
2025-09-28 07:34:24,267 - INFO - 登录后页面URL: http://192.168.1.1/webpages/index.html
2025-09-28 07:34:24,267 - INFO - 登录成功!
2025-09-28 07:34:24,267 - INFO - 导航到WAN设置页面...
2025-09-28 07:34:25,268 - INFO - 查找基本设置菜单...
2025-09-28 07:34:28,306 - INFO - 成功找到基本设置菜单
2025-09-28 07:34:28,306 - INFO - 点击基本设置菜单...
2025-09-28 07:34:29,828 - INFO - 查找WAN设置菜单...
2025-09-28 07:34:32,871 - INFO - 成功找到WAN设置菜单
2025-09-28 07:34:32,871 - INFO - 点击WAN设置菜单...
2025-09-28 07:34:33,391 - INFO - 等待WAN设置页面加载...
2025-09-28 07:34:35,391 - INFO - 成功导航到WAN设置页面
2025-09-28 07:34:35,391 - INFO - 选择WAN2接口设置...
2025-09-28 07:34:36,391 - INFO - 查找WAN2设置选项...
2025-09-28 07:34:39,418 - INFO - 成功找到WAN2设置选项
2025-09-28 07:34:39,418 - INFO - 点击WAN2设置选项...
2025-09-28 07:34:39,938 - INFO - 等待接口设置frame变化...
2025-09-28 07:34:40,938 - INFO - 成功选择WAN2接口设置
2025-09-28 07:34:40,938 - INFO - 
步骤1: 断开WAN2连接...
2025-09-28 07:34:40,938 - INFO - 断开WAN2连接...
2025-09-28 07:34:50,045 - INFO - 成功找到断开按钮
2025-09-28 07:34:50,045 - INFO - 点击断开按钮...
2025-09-28 07:34:51,566 - INFO - WAN2已断开连接
2025-09-28 07:34:51,566 - INFO - 等待1秒...
2025-09-28 07:34:52,566 - INFO - 
步骤2: 连接WAN2...
2025-09-28 07:34:52,567 - INFO - 连接WAN2...
2025-09-28 07:35:04,675 - WARNING - 未通过标准方式找到连接按钮，尝试更通用的查找方法
2025-09-28 07:35:04,713 - INFO - 通过文本内容找到连接按钮
2025-09-28 07:35:04,713 - INFO - 成功找到连接按钮
2025-09-28 07:35:04,713 - INFO - 点击连接按钮...
2025-09-28 07:35:06,232 - INFO - WAN2已连接
2025-09-28 07:35:06,233 - INFO - 等待5秒...
2025-09-28 07:35:11,233 - INFO - 
==================================================
2025-09-28 07:35:11,233 - INFO - WAN2连接切换完成!
2025-09-28 07:35:11,233 - INFO - ==================================================
2025-09-28 07:35:11,289 - INFO - 浏览器已关闭
2025-09-28 07:35:11,289 - INFO - IP切换操作成功完成。
2025-09-28 07:35:49,421 - INFO - 通过函数调用方式切换TP-Link路由器WAN2连接
2025-09-28 07:35:49,422 - INFO - 初始化TP-Link路由器控制器: http://192.168.1.1
2025-09-28 07:35:49,422 - INFO - ==================================================
2025-09-28 07:35:49,422 - INFO - 开始切换TP-Link路由器WAN2连接
2025-09-28 07:35:49,422 - INFO - ==================================================
2025-09-28 07:35:49,422 - INFO - 设置Chrome WebDriver...
2025-09-28 07:35:49,422 - INFO - ====== WebDriver manager ======
2025-09-28 07:35:49,474 - INFO - Get LATEST chromedriver version for google-chrome
2025-09-28 07:35:49,820 - INFO - Get LATEST chromedriver version for google-chrome
2025-09-28 07:35:50,128 - INFO - Driver [/home/mike/.wdm/drivers/chromedriver/linux64/140.0.7339.207/chromedriver-linux64/chromedriver] found in cache
2025-09-28 07:35:50,315 - INFO - Chrome WebDriver设置成功
2025-09-28 07:35:50,315 - INFO - 开始登录路由器...
2025-09-28 07:35:50,315 - INFO - 路由器地址: http://192.168.1.1
2025-09-28 07:35:50,315 - INFO - 访问登录页面: http://192.168.1.1/webpages/login.html
2025-09-28 07:35:50,606 - INFO - 等待页面加载...
2025-09-28 07:35:52,606 - INFO - 定位用户名输入框...
2025-09-28 07:35:52,612 - INFO - 成功找到用户名输入框
2025-09-28 07:35:52,613 - INFO - 输入用户名: wangdg68
2025-09-28 07:35:52,670 - INFO - 定位密码输入框...
2025-09-28 07:35:55,716 - INFO - 成功找到密码输入框
2025-09-28 07:35:55,716 - INFO - 输入密码...
2025-09-28 07:35:55,737 - INFO - 定位登录按钮...
2025-09-28 07:36:10,889 - INFO - 成功找到登录按钮
2025-09-28 07:36:10,889 - INFO - 点击登录按钮...
2025-09-28 07:36:11,411 - INFO - 等待页面跳转...
2025-09-28 07:36:14,413 - INFO - 登录后页面URL: http://192.168.1.1/webpages/index.html
2025-09-28 07:36:14,413 - INFO - 登录成功!
2025-09-28 07:36:14,413 - INFO - 导航到WAN设置页面...
2025-09-28 07:36:15,413 - INFO - 查找基本设置菜单...
2025-09-28 07:36:18,429 - INFO - 成功找到基本设置菜单
2025-09-28 07:36:18,429 - INFO - 点击基本设置菜单...
2025-09-28 07:36:19,948 - INFO - 查找WAN设置菜单...
2025-09-28 07:36:23,002 - INFO - 成功找到WAN设置菜单
2025-09-28 07:36:23,002 - INFO - 点击WAN设置菜单...
2025-09-28 07:36:23,522 - INFO - 等待WAN设置页面加载...
2025-09-28 07:36:25,522 - INFO - 成功导航到WAN设置页面
2025-09-28 07:36:25,522 - INFO - 选择WAN2接口设置...
2025-09-28 07:36:26,523 - INFO - 查找WAN2设置选项...
2025-09-28 07:36:29,554 - INFO - 成功找到WAN2设置选项
2025-09-28 07:36:29,554 - INFO - 点击WAN2设置选项...
2025-09-28 07:36:30,075 - INFO - 等待接口设置frame变化...
2025-09-28 07:36:31,075 - INFO - 成功选择WAN2接口设置
2025-09-28 07:36:31,075 - INFO - 
步骤1: 断开WAN2连接...
2025-09-28 07:36:31,075 - INFO - 断开WAN2连接...
2025-09-28 07:36:40,153 - INFO - 成功找到断开按钮
2025-09-28 07:36:40,153 - INFO - 点击断开按钮...
2025-09-28 07:36:41,673 - INFO - WAN2已断开连接
2025-09-28 07:36:41,673 - INFO - 等待1秒...
2025-09-28 07:36:42,673 - INFO - 
步骤2: 连接WAN2...
2025-09-28 07:36:42,673 - INFO - 连接WAN2...
2025-09-28 07:36:54,817 - WARNING - 未通过标准方式找到连接按钮，尝试更通用的查找方法
2025-09-28 07:36:54,855 - INFO - 通过文本内容找到连接按钮
2025-09-28 07:36:54,855 - INFO - 成功找到连接按钮
2025-09-28 07:36:54,855 - INFO - 点击连接按钮...
2025-09-28 07:36:56,374 - INFO - WAN2已连接
2025-09-28 07:36:56,374 - INFO - 等待5秒...
2025-09-28 07:37:01,374 - INFO - 
==================================================
2025-09-28 07:37:01,374 - INFO - WAN2连接切换完成!
2025-09-28 07:37:01,374 - INFO - ==================================================
2025-09-28 07:37:01,428 - INFO - 浏览器已关闭
2025-09-28 07:37:01,428 - INFO - IP切换操作成功完成。
2025-09-28 07:37:49,210 - INFO - 通过函数调用方式切换TP-Link路由器WAN2连接
2025-09-28 07:37:49,210 - INFO - 初始化TP-Link路由器控制器: http://192.168.1.1
2025-09-28 07:37:49,210 - INFO - ==================================================
2025-09-28 07:37:49,210 - INFO - 开始切换TP-Link路由器WAN2连接
2025-09-28 07:37:49,210 - INFO - ==================================================
2025-09-28 07:37:49,210 - INFO - 设置Chrome WebDriver...
2025-09-28 07:37:49,210 - INFO - ====== WebDriver manager ======
2025-09-28 07:37:49,255 - INFO - Get LATEST chromedriver version for google-chrome
2025-09-28 07:37:49,606 - INFO - Get LATEST chromedriver version for google-chrome
2025-09-28 07:37:49,922 - INFO - Driver [/home/mike/.wdm/drivers/chromedriver/linux64/140.0.7339.207/chromedriver-linux64/chromedriver] found in cache
2025-09-28 07:37:50,073 - INFO - Chrome WebDriver设置成功
2025-09-28 07:37:50,073 - INFO - 开始登录路由器...
2025-09-28 07:37:50,073 - INFO - 路由器地址: http://192.168.1.1
2025-09-28 07:37:50,073 - INFO - 访问登录页面: http://192.168.1.1/webpages/login.html
2025-09-28 07:37:50,371 - INFO - 等待页面加载...
2025-09-28 07:37:52,371 - INFO - 定位用户名输入框...
2025-09-28 07:37:52,378 - INFO - 成功找到用户名输入框
2025-09-28 07:37:52,378 - INFO - 输入用户名: wangdg68
2025-09-28 07:37:52,434 - INFO - 定位密码输入框...
2025-09-28 07:37:55,491 - INFO - 成功找到密码输入框
2025-09-28 07:37:55,491 - INFO - 输入密码...
2025-09-28 07:37:55,511 - INFO - 定位登录按钮...
2025-09-28 07:38:10,669 - INFO - 成功找到登录按钮
2025-09-28 07:38:10,669 - INFO - 点击登录按钮...
2025-09-28 07:38:11,191 - INFO - 等待页面跳转...
2025-09-28 07:38:14,193 - INFO - 登录后页面URL: http://192.168.1.1/webpages/index.html
2025-09-28 07:38:14,193 - INFO - 登录成功!
2025-09-28 07:38:14,193 - INFO - 导航到WAN设置页面...
2025-09-28 07:38:15,193 - INFO - 查找基本设置菜单...
2025-09-28 07:38:18,239 - INFO - 成功找到基本设置菜单
2025-09-28 07:38:18,239 - INFO - 点击基本设置菜单...
2025-09-28 07:38:19,765 - INFO - 查找WAN设置菜单...
2025-09-28 07:38:22,807 - INFO - 成功找到WAN设置菜单
2025-09-28 07:38:22,807 - INFO - 点击WAN设置菜单...
2025-09-28 07:38:23,329 - INFO - 等待WAN设置页面加载...
2025-09-28 07:38:25,329 - INFO - 成功导航到WAN设置页面
2025-09-28 07:38:25,329 - INFO - 选择WAN2接口设置...
2025-09-28 07:38:26,329 - INFO - 查找WAN2设置选项...
2025-09-28 07:38:29,368 - INFO - 成功找到WAN2设置选项
2025-09-28 07:38:29,368 - INFO - 点击WAN2设置选项...
2025-09-28 07:38:29,887 - INFO - 等待接口设置frame变化...
2025-09-28 07:38:30,887 - INFO - 成功选择WAN2接口设置
2025-09-28 07:38:30,887 - INFO - 
步骤1: 断开WAN2连接...
2025-09-28 07:38:30,887 - INFO - 断开WAN2连接...
2025-09-28 07:38:39,999 - INFO - 成功找到断开按钮
2025-09-28 07:38:39,999 - INFO - 点击断开按钮...
2025-09-28 07:38:41,517 - INFO - WAN2已断开连接
2025-09-28 07:38:41,517 - INFO - 等待1秒...
2025-09-28 07:38:42,517 - INFO - 
步骤2: 连接WAN2...
2025-09-28 07:38:42,517 - INFO - 连接WAN2...
2025-09-28 07:38:54,661 - WARNING - 未通过标准方式找到连接按钮，尝试更通用的查找方法
2025-09-28 07:38:54,698 - INFO - 通过文本内容找到连接按钮
2025-09-28 07:38:54,698 - INFO - 成功找到连接按钮
2025-09-28 07:38:54,698 - INFO - 点击连接按钮...
2025-09-28 07:38:56,216 - INFO - WAN2已连接
2025-09-28 07:38:56,217 - INFO - 等待5秒...
2025-09-28 07:39:01,217 - INFO - 
==================================================
2025-09-28 07:39:01,217 - INFO - WAN2连接切换完成!
2025-09-28 07:39:01,217 - INFO - ==================================================
2025-09-28 07:39:01,271 - INFO - 浏览器已关闭
2025-09-28 07:39:01,271 - INFO - IP切换操作成功完成。
2025-09-28 07:39:44,668 - INFO - 通过函数调用方式切换TP-Link路由器WAN2连接
2025-09-28 07:39:44,668 - INFO - 初始化TP-Link路由器控制器: http://192.168.1.1
2025-09-28 07:39:44,668 - INFO - ==================================================
2025-09-28 07:39:44,668 - INFO - 开始切换TP-Link路由器WAN2连接
2025-09-28 07:39:44,668 - INFO - ==================================================
2025-09-28 07:39:44,668 - INFO - 设置Chrome WebDriver...
2025-09-28 07:39:44,668 - INFO - ====== WebDriver manager ======
2025-09-28 07:39:44,714 - INFO - Get LATEST chromedriver version for google-chrome
2025-09-28 07:39:45,286 - INFO - Get LATEST chromedriver version for google-chrome
2025-09-28 07:39:45,586 - INFO - Driver [/home/mike/.wdm/drivers/chromedriver/linux64/140.0.7339.207/chromedriver-linux64/chromedriver] found in cache
2025-09-28 07:39:45,754 - INFO - Chrome WebDriver设置成功
2025-09-28 07:39:45,755 - INFO - 开始登录路由器...
2025-09-28 07:39:45,755 - INFO - 路由器地址: http://192.168.1.1
2025-09-28 07:39:45,755 - INFO - 访问登录页面: http://192.168.1.1/webpages/login.html
2025-09-28 07:39:46,184 - INFO - 等待页面加载...
2025-09-28 07:39:48,184 - INFO - 定位用户名输入框...
2025-09-28 07:39:48,190 - INFO - 成功找到用户名输入框
2025-09-28 07:39:48,190 - INFO - 输入用户名: wangdg68
2025-09-28 07:39:48,242 - INFO - 定位密码输入框...
2025-09-28 07:39:51,280 - INFO - 成功找到密码输入框
2025-09-28 07:39:51,280 - INFO - 输入密码...
2025-09-28 07:39:51,301 - INFO - 定位登录按钮...
2025-09-28 07:40:06,514 - INFO - 成功找到登录按钮
2025-09-28 07:40:06,514 - INFO - 点击登录按钮...
2025-09-28 07:40:07,038 - INFO - 等待页面跳转...
2025-09-28 07:40:10,041 - INFO - 登录后页面URL: http://192.168.1.1/webpages/index.html
2025-09-28 07:40:10,041 - INFO - 登录成功!
2025-09-28 07:40:10,041 - INFO - 导航到WAN设置页面...
2025-09-28 07:40:11,041 - INFO - 查找基本设置菜单...
2025-09-28 07:40:14,075 - INFO - 成功找到基本设置菜单
2025-09-28 07:40:14,075 - INFO - 点击基本设置菜单...
2025-09-28 07:40:15,597 - INFO - 查找WAN设置菜单...
2025-09-28 07:40:18,625 - INFO - 成功找到WAN设置菜单
2025-09-28 07:40:18,625 - INFO - 点击WAN设置菜单...
2025-09-28 07:40:19,145 - INFO - 等待WAN设置页面加载...
2025-09-28 07:40:21,146 - INFO - 成功导航到WAN设置页面
2025-09-28 07:40:21,146 - INFO - 选择WAN2接口设置...
2025-09-28 07:40:22,146 - INFO - 查找WAN2设置选项...
2025-09-28 07:40:25,204 - INFO - 成功找到WAN2设置选项
2025-09-28 07:40:25,204 - INFO - 点击WAN2设置选项...
2025-09-28 07:40:25,725 - INFO - 等待接口设置frame变化...
2025-09-28 07:40:26,725 - INFO - 成功选择WAN2接口设置
2025-09-28 07:40:26,725 - INFO - 
步骤1: 断开WAN2连接...
2025-09-28 07:40:26,725 - INFO - 断开WAN2连接...
2025-09-28 07:40:35,844 - INFO - 成功找到断开按钮
2025-09-28 07:40:35,845 - INFO - 点击断开按钮...
2025-09-28 07:40:37,364 - INFO - WAN2已断开连接
2025-09-28 07:40:37,364 - INFO - 等待1秒...
2025-09-28 07:40:38,364 - INFO - 
步骤2: 连接WAN2...
2025-09-28 07:40:38,364 - INFO - 连接WAN2...
2025-09-28 07:40:50,473 - WARNING - 未通过标准方式找到连接按钮，尝试更通用的查找方法
2025-09-28 07:40:50,511 - INFO - 通过文本内容找到连接按钮
2025-09-28 07:40:50,511 - INFO - 成功找到连接按钮
2025-09-28 07:40:50,511 - INFO - 点击连接按钮...
2025-09-28 07:40:52,034 - INFO - WAN2已连接
2025-09-28 07:40:52,034 - INFO - 等待5秒...
2025-09-28 07:40:57,034 - INFO - 
==================================================
2025-09-28 07:40:57,034 - INFO - WAN2连接切换完成!
2025-09-28 07:40:57,034 - INFO - ==================================================
2025-09-28 07:40:57,090 - INFO - 浏览器已关闭
2025-09-28 07:40:57,090 - INFO - IP切换操作成功完成。
2025-09-28 07:41:52,938 - INFO - 通过函数调用方式切换TP-Link路由器WAN2连接
2025-09-28 07:41:52,938 - INFO - 初始化TP-Link路由器控制器: http://192.168.1.1
2025-09-28 07:41:52,938 - INFO - ==================================================
2025-09-28 07:41:52,938 - INFO - 开始切换TP-Link路由器WAN2连接
2025-09-28 07:41:52,938 - INFO - ==================================================
2025-09-28 07:41:52,938 - INFO - 设置Chrome WebDriver...
2025-09-28 07:41:52,938 - INFO - ====== WebDriver manager ======
2025-09-28 07:41:52,985 - INFO - Get LATEST chromedriver version for google-chrome
2025-09-28 07:41:53,328 - INFO - Get LATEST chromedriver version for google-chrome
2025-09-28 07:41:53,615 - INFO - Driver [/home/mike/.wdm/drivers/chromedriver/linux64/140.0.7339.207/chromedriver-linux64/chromedriver] found in cache
2025-09-28 07:41:53,834 - INFO - Chrome WebDriver设置成功
2025-09-28 07:41:53,834 - INFO - 开始登录路由器...
2025-09-28 07:41:53,834 - INFO - 路由器地址: http://192.168.1.1
2025-09-28 07:41:53,834 - INFO - 访问登录页面: http://192.168.1.1/webpages/login.html
2025-09-28 07:41:54,315 - INFO - 等待页面加载...
2025-09-28 07:41:56,315 - INFO - 定位用户名输入框...
2025-09-28 07:41:56,321 - INFO - 成功找到用户名输入框
2025-09-28 07:41:56,321 - INFO - 输入用户名: wangdg68
2025-09-28 07:41:56,377 - INFO - 定位密码输入框...
2025-09-28 07:41:59,403 - INFO - 成功找到密码输入框
2025-09-28 07:41:59,403 - INFO - 输入密码...
2025-09-28 07:41:59,424 - INFO - 定位登录按钮...
2025-09-28 07:42:14,558 - INFO - 成功找到登录按钮
2025-09-28 07:42:14,559 - INFO - 点击登录按钮...
2025-09-28 07:42:15,084 - INFO - 等待页面跳转...
2025-09-28 07:42:18,087 - INFO - 登录后页面URL: http://192.168.1.1/webpages/index.html
2025-09-28 07:42:18,087 - INFO - 登录成功!
2025-09-28 07:42:18,087 - INFO - 导航到WAN设置页面...
2025-09-28 07:42:19,087 - INFO - 查找基本设置菜单...
2025-09-28 07:42:22,109 - INFO - 成功找到基本设置菜单
2025-09-28 07:42:22,109 - INFO - 点击基本设置菜单...
2025-09-28 07:42:23,629 - INFO - 查找WAN设置菜单...
2025-09-28 07:42:26,669 - INFO - 成功找到WAN设置菜单
2025-09-28 07:42:26,669 - INFO - 点击WAN设置菜单...
2025-09-28 07:42:27,189 - INFO - 等待WAN设置页面加载...
2025-09-28 07:42:29,189 - INFO - 成功导航到WAN设置页面
2025-09-28 07:42:29,189 - INFO - 选择WAN2接口设置...
2025-09-28 07:42:30,189 - INFO - 查找WAN2设置选项...
2025-09-28 07:42:33,228 - INFO - 成功找到WAN2设置选项
2025-09-28 07:42:33,228 - INFO - 点击WAN2设置选项...
2025-09-28 07:42:33,747 - INFO - 等待接口设置frame变化...
2025-09-28 07:42:34,747 - INFO - 成功选择WAN2接口设置
2025-09-28 07:42:34,747 - INFO - 
步骤1: 断开WAN2连接...
2025-09-28 07:42:34,747 - INFO - 断开WAN2连接...
2025-09-28 07:42:43,874 - INFO - 成功找到断开按钮
2025-09-28 07:42:43,874 - INFO - 点击断开按钮...
2025-09-28 07:42:45,393 - INFO - WAN2已断开连接
2025-09-28 07:42:45,393 - INFO - 等待1秒...
2025-09-28 07:42:46,393 - INFO - 
步骤2: 连接WAN2...
2025-09-28 07:42:46,393 - INFO - 连接WAN2...
2025-09-28 07:42:58,520 - WARNING - 未通过标准方式找到连接按钮，尝试更通用的查找方法
2025-09-28 07:42:58,559 - INFO - 通过文本内容找到连接按钮
2025-09-28 07:42:58,559 - INFO - 成功找到连接按钮
2025-09-28 07:42:58,559 - INFO - 点击连接按钮...
2025-09-28 07:43:00,078 - INFO - WAN2已连接
2025-09-28 07:43:00,078 - INFO - 等待5秒...
2025-09-28 07:43:05,078 - INFO - 
==================================================
2025-09-28 07:43:05,079 - INFO - WAN2连接切换完成!
2025-09-28 07:43:05,079 - INFO - ==================================================
2025-09-28 07:43:05,133 - INFO - 浏览器已关闭
2025-09-28 07:43:05,133 - INFO - IP切换操作成功完成。
2025-09-28 07:43:52,009 - INFO - 通过函数调用方式切换TP-Link路由器WAN2连接
2025-09-28 07:43:52,009 - INFO - 初始化TP-Link路由器控制器: http://192.168.1.1
2025-09-28 07:43:52,009 - INFO - ==================================================
2025-09-28 07:43:52,009 - INFO - 开始切换TP-Link路由器WAN2连接
2025-09-28 07:43:52,009 - INFO - ==================================================
2025-09-28 07:43:52,009 - INFO - 设置Chrome WebDriver...
2025-09-28 07:43:52,009 - INFO - ====== WebDriver manager ======
2025-09-28 07:43:52,060 - INFO - Get LATEST chromedriver version for google-chrome
2025-09-28 07:43:52,442 - INFO - Get LATEST chromedriver version for google-chrome
2025-09-28 07:43:52,742 - INFO - Driver [/home/mike/.wdm/drivers/chromedriver/linux64/140.0.7339.207/chromedriver-linux64/chromedriver] found in cache
2025-09-28 07:43:52,930 - INFO - Chrome WebDriver设置成功
2025-09-28 07:43:52,930 - INFO - 开始登录路由器...
2025-09-28 07:43:52,930 - INFO - 路由器地址: http://192.168.1.1
2025-09-28 07:43:52,930 - INFO - 访问登录页面: http://192.168.1.1/webpages/login.html
2025-09-28 07:43:53,269 - INFO - 等待页面加载...
2025-09-28 07:43:55,270 - INFO - 定位用户名输入框...
2025-09-28 07:43:55,277 - INFO - 成功找到用户名输入框
2025-09-28 07:43:55,277 - INFO - 输入用户名: wangdg68
2025-09-28 07:43:55,332 - INFO - 定位密码输入框...
2025-09-28 07:43:58,383 - INFO - 成功找到密码输入框
2025-09-28 07:43:58,383 - INFO - 输入密码...
2025-09-28 07:43:58,407 - INFO - 定位登录按钮...
2025-09-28 07:44:13,584 - INFO - 成功找到登录按钮
2025-09-28 07:44:13,584 - INFO - 点击登录按钮...
2025-09-28 07:44:14,106 - INFO - 等待页面跳转...
2025-09-28 07:44:17,108 - INFO - 登录后页面URL: http://192.168.1.1/webpages/index.html
2025-09-28 07:44:17,108 - INFO - 登录成功!
2025-09-28 07:44:17,108 - INFO - 导航到WAN设置页面...
2025-09-28 07:44:18,108 - INFO - 查找基本设置菜单...
2025-09-28 07:44:21,138 - INFO - 成功找到基本设置菜单
2025-09-28 07:44:21,138 - INFO - 点击基本设置菜单...
2025-09-28 07:44:22,663 - INFO - 查找WAN设置菜单...
2025-09-28 07:44:25,709 - INFO - 成功找到WAN设置菜单
2025-09-28 07:44:25,709 - INFO - 点击WAN设置菜单...
2025-09-28 07:44:26,229 - INFO - 等待WAN设置页面加载...
2025-09-28 07:44:28,229 - INFO - 成功导航到WAN设置页面
2025-09-28 07:44:28,229 - INFO - 选择WAN2接口设置...
2025-09-28 07:44:29,229 - INFO - 查找WAN2设置选项...
2025-09-28 07:44:32,255 - INFO - 成功找到WAN2设置选项
2025-09-28 07:44:32,255 - INFO - 点击WAN2设置选项...
2025-09-28 07:44:32,774 - INFO - 等待接口设置frame变化...
2025-09-28 07:44:33,774 - INFO - 成功选择WAN2接口设置
2025-09-28 07:44:33,774 - INFO - 
步骤1: 断开WAN2连接...
2025-09-28 07:44:33,774 - INFO - 断开WAN2连接...
2025-09-28 07:44:42,889 - INFO - 成功找到断开按钮
2025-09-28 07:44:42,889 - INFO - 点击断开按钮...
2025-09-28 07:44:44,410 - INFO - WAN2已断开连接
2025-09-28 07:44:44,410 - INFO - 等待1秒...
2025-09-28 07:44:45,411 - INFO - 
步骤2: 连接WAN2...
2025-09-28 07:44:45,411 - INFO - 连接WAN2...
2025-09-28 07:44:57,584 - WARNING - 未通过标准方式找到连接按钮，尝试更通用的查找方法
2025-09-28 07:44:57,625 - INFO - 通过文本内容找到连接按钮
2025-09-28 07:44:57,625 - INFO - 成功找到连接按钮
2025-09-28 07:44:57,625 - INFO - 点击连接按钮...
2025-09-28 07:44:59,143 - INFO - WAN2已连接
2025-09-28 07:44:59,143 - INFO - 等待5秒...
2025-09-28 07:45:04,143 - INFO - 
==================================================
2025-09-28 07:45:04,143 - INFO - WAN2连接切换完成!
2025-09-28 07:45:04,143 - INFO - ==================================================
2025-09-28 07:45:04,197 - INFO - 浏览器已关闭
2025-09-28 07:45:04,197 - INFO - IP切换操作成功完成。
2025-09-28 07:45:49,518 - INFO - 通过函数调用方式切换TP-Link路由器WAN2连接
2025-09-28 07:45:49,518 - INFO - 初始化TP-Link路由器控制器: http://192.168.1.1
2025-09-28 07:45:49,518 - INFO - ==================================================
2025-09-28 07:45:49,518 - INFO - 开始切换TP-Link路由器WAN2连接
2025-09-28 07:45:49,518 - INFO - ==================================================
2025-09-28 07:45:49,518 - INFO - 设置Chrome WebDriver...
2025-09-28 07:45:49,518 - INFO - ====== WebDriver manager ======
2025-09-28 07:45:49,565 - INFO - Get LATEST chromedriver version for google-chrome
2025-09-28 07:45:49,943 - INFO - Get LATEST chromedriver version for google-chrome
2025-09-28 07:45:50,275 - INFO - Driver [/home/mike/.wdm/drivers/chromedriver/linux64/140.0.7339.207/chromedriver-linux64/chromedriver] found in cache
2025-09-28 07:45:50,450 - INFO - Chrome WebDriver设置成功
2025-09-28 07:45:50,450 - INFO - 开始登录路由器...
2025-09-28 07:45:50,450 - INFO - 路由器地址: http://192.168.1.1
2025-09-28 07:45:50,450 - INFO - 访问登录页面: http://192.168.1.1/webpages/login.html
2025-09-28 07:45:50,831 - INFO - 等待页面加载...
2025-09-28 07:45:52,831 - INFO - 定位用户名输入框...
2025-09-28 07:45:52,837 - INFO - 成功找到用户名输入框
2025-09-28 07:45:52,837 - INFO - 输入用户名: wangdg68
2025-09-28 07:45:52,894 - INFO - 定位密码输入框...
2025-09-28 07:45:55,954 - INFO - 成功找到密码输入框
2025-09-28 07:45:55,954 - INFO - 输入密码...
2025-09-28 07:45:55,979 - INFO - 定位登录按钮...
2025-09-28 07:46:11,129 - INFO - 成功找到登录按钮
2025-09-28 07:46:11,129 - INFO - 点击登录按钮...
2025-09-28 07:46:11,656 - INFO - 等待页面跳转...
2025-09-28 07:46:14,659 - INFO - 登录后页面URL: http://192.168.1.1/webpages/index.html
2025-09-28 07:46:14,659 - INFO - 登录成功!
2025-09-28 07:46:14,659 - INFO - 导航到WAN设置页面...
2025-09-28 07:46:15,659 - INFO - 查找基本设置菜单...
2025-09-28 07:46:18,713 - INFO - 成功找到基本设置菜单
2025-09-28 07:46:18,713 - INFO - 点击基本设置菜单...
2025-09-28 07:46:20,233 - INFO - 查找WAN设置菜单...
2025-09-28 07:46:23,268 - INFO - 成功找到WAN设置菜单
2025-09-28 07:46:23,268 - INFO - 点击WAN设置菜单...
2025-09-28 07:46:23,788 - INFO - 等待WAN设置页面加载...
2025-09-28 07:46:25,789 - INFO - 成功导航到WAN设置页面
2025-09-28 07:46:25,789 - INFO - 选择WAN2接口设置...
2025-09-28 07:46:26,789 - INFO - 查找WAN2设置选项...
2025-09-28 07:46:29,833 - INFO - 成功找到WAN2设置选项
2025-09-28 07:46:29,833 - INFO - 点击WAN2设置选项...
2025-09-28 07:46:30,354 - INFO - 等待接口设置frame变化...
2025-09-28 07:46:31,354 - INFO - 成功选择WAN2接口设置
2025-09-28 07:46:31,354 - INFO - 
步骤1: 断开WAN2连接...
2025-09-28 07:46:31,354 - INFO - 断开WAN2连接...
2025-09-28 07:46:40,476 - INFO - 成功找到断开按钮
2025-09-28 07:46:40,477 - INFO - 点击断开按钮...
2025-09-28 07:46:41,995 - INFO - WAN2已断开连接
2025-09-28 07:46:41,996 - INFO - 等待1秒...
2025-09-28 07:46:42,996 - INFO - 
步骤2: 连接WAN2...
2025-09-28 07:46:42,996 - INFO - 连接WAN2...
2025-09-28 07:46:55,118 - WARNING - 未通过标准方式找到连接按钮，尝试更通用的查找方法
2025-09-28 07:46:55,155 - INFO - 通过文本内容找到连接按钮
2025-09-28 07:46:55,155 - INFO - 成功找到连接按钮
2025-09-28 07:46:55,155 - INFO - 点击连接按钮...
2025-09-28 07:46:56,675 - INFO - WAN2已连接
2025-09-28 07:46:56,675 - INFO - 等待5秒...
2025-09-28 07:47:01,675 - INFO - 
==================================================
2025-09-28 07:47:01,675 - INFO - WAN2连接切换完成!
2025-09-28 07:47:01,675 - INFO - ==================================================
2025-09-28 07:47:01,729 - INFO - 浏览器已关闭
2025-09-28 07:47:01,729 - INFO - IP切换操作成功完成。
2025-09-28 07:47:48,672 - INFO - 通过函数调用方式切换TP-Link路由器WAN2连接
2025-09-28 07:47:48,672 - INFO - 初始化TP-Link路由器控制器: http://192.168.1.1
2025-09-28 07:47:48,672 - INFO - ==================================================
2025-09-28 07:47:48,672 - INFO - 开始切换TP-Link路由器WAN2连接
2025-09-28 07:47:48,672 - INFO - ==================================================
2025-09-28 07:47:48,672 - INFO - 设置Chrome WebDriver...
2025-09-28 07:47:48,672 - INFO - ====== WebDriver manager ======
2025-09-28 07:47:48,718 - INFO - Get LATEST chromedriver version for google-chrome
2025-09-28 07:47:49,100 - INFO - Get LATEST chromedriver version for google-chrome
2025-09-28 07:47:49,403 - INFO - Driver [/home/mike/.wdm/drivers/chromedriver/linux64/140.0.7339.207/chromedriver-linux64/chromedriver] found in cache
2025-09-28 07:47:49,589 - INFO - Chrome WebDriver设置成功
2025-09-28 07:47:49,589 - INFO - 开始登录路由器...
2025-09-28 07:47:49,589 - INFO - 路由器地址: http://192.168.1.1
2025-09-28 07:47:49,589 - INFO - 访问登录页面: http://192.168.1.1/webpages/login.html
2025-09-28 07:47:49,926 - INFO - 等待页面加载...
2025-09-28 07:47:51,926 - INFO - 定位用户名输入框...
2025-09-28 07:47:51,931 - INFO - 成功找到用户名输入框
2025-09-28 07:47:51,932 - INFO - 输入用户名: wangdg68
2025-09-28 07:47:51,987 - INFO - 定位密码输入框...
2025-09-28 07:47:55,022 - INFO - 成功找到密码输入框
2025-09-28 07:47:55,022 - INFO - 输入密码...
2025-09-28 07:47:55,044 - INFO - 定位登录按钮...
2025-09-28 07:48:10,157 - INFO - 成功找到登录按钮
2025-09-28 07:48:10,157 - INFO - 点击登录按钮...
2025-09-28 07:48:10,679 - INFO - 等待页面跳转...
2025-09-28 07:48:13,683 - INFO - 登录后页面URL: http://192.168.1.1/webpages/index.html
2025-09-28 07:48:13,683 - INFO - 登录成功!
2025-09-28 07:48:13,683 - INFO - 导航到WAN设置页面...
2025-09-28 07:48:14,683 - INFO - 查找基本设置菜单...
2025-09-28 07:48:17,720 - INFO - 成功找到基本设置菜单
2025-09-28 07:48:17,721 - INFO - 点击基本设置菜单...
2025-09-28 07:48:19,241 - INFO - 查找WAN设置菜单...
2025-09-28 07:48:22,292 - INFO - 成功找到WAN设置菜单
2025-09-28 07:48:22,292 - INFO - 点击WAN设置菜单...
2025-09-28 07:48:22,812 - INFO - 等待WAN设置页面加载...
2025-09-28 07:48:24,813 - INFO - 成功导航到WAN设置页面
2025-09-28 07:48:24,813 - INFO - 选择WAN2接口设置...
2025-09-28 07:48:25,813 - INFO - 查找WAN2设置选项...
2025-09-28 07:48:28,855 - INFO - 成功找到WAN2设置选项
2025-09-28 07:48:28,855 - INFO - 点击WAN2设置选项...
2025-09-28 07:48:29,374 - INFO - 等待接口设置frame变化...
2025-09-28 07:48:30,375 - INFO - 成功选择WAN2接口设置
2025-09-28 07:48:30,375 - INFO - 
步骤1: 断开WAN2连接...
2025-09-28 07:48:30,375 - INFO - 断开WAN2连接...
2025-09-28 07:48:39,479 - INFO - 成功找到断开按钮
2025-09-28 07:48:39,479 - INFO - 点击断开按钮...
2025-09-28 07:48:40,999 - INFO - WAN2已断开连接
2025-09-28 07:48:40,999 - INFO - 等待1秒...
2025-09-28 07:48:41,999 - INFO - 
步骤2: 连接WAN2...
2025-09-28 07:48:41,999 - INFO - 连接WAN2...
2025-09-28 07:48:54,143 - WARNING - 未通过标准方式找到连接按钮，尝试更通用的查找方法
2025-09-28 07:48:54,182 - INFO - 通过文本内容找到连接按钮
2025-09-28 07:48:54,182 - INFO - 成功找到连接按钮
2025-09-28 07:48:54,183 - INFO - 点击连接按钮...
2025-09-28 07:48:55,703 - INFO - WAN2已连接
2025-09-28 07:48:55,703 - INFO - 等待5秒...
2025-09-28 07:49:00,703 - INFO - 
==================================================
2025-09-28 07:49:00,703 - INFO - WAN2连接切换完成!
2025-09-28 07:49:00,703 - INFO - ==================================================
2025-09-28 07:49:00,757 - INFO - 浏览器已关闭
2025-09-28 07:49:00,757 - INFO - IP切换操作成功完成。
2025-09-28 07:49:47,054 - INFO - 通过函数调用方式切换TP-Link路由器WAN2连接
2025-09-28 07:49:47,054 - INFO - 初始化TP-Link路由器控制器: http://192.168.1.1
2025-09-28 07:49:47,054 - INFO - ==================================================
2025-09-28 07:49:47,054 - INFO - 开始切换TP-Link路由器WAN2连接
2025-09-28 07:49:47,054 - INFO - ==================================================
2025-09-28 07:49:47,054 - INFO - 设置Chrome WebDriver...
2025-09-28 07:49:47,054 - INFO - ====== WebDriver manager ======
2025-09-28 07:49:47,101 - INFO - Get LATEST chromedriver version for google-chrome
2025-09-28 07:49:47,462 - INFO - Get LATEST chromedriver version for google-chrome
2025-09-28 07:49:47,771 - INFO - Driver [/home/mike/.wdm/drivers/chromedriver/linux64/140.0.7339.207/chromedriver-linux64/chromedriver] found in cache
2025-09-28 07:49:47,974 - INFO - Chrome WebDriver设置成功
2025-09-28 07:49:47,974 - INFO - 开始登录路由器...
2025-09-28 07:49:47,974 - INFO - 路由器地址: http://192.168.1.1
2025-09-28 07:49:47,974 - INFO - 访问登录页面: http://192.168.1.1/webpages/login.html
2025-09-28 07:49:48,262 - INFO - 等待页面加载...
2025-09-28 07:49:50,263 - INFO - 定位用户名输入框...
2025-09-28 07:49:50,270 - INFO - 成功找到用户名输入框
2025-09-28 07:49:50,270 - INFO - 输入用户名: wangdg68
2025-09-28 07:49:50,326 - INFO - 定位密码输入框...
2025-09-28 07:49:53,381 - INFO - 成功找到密码输入框
2025-09-28 07:49:53,381 - INFO - 输入密码...
2025-09-28 07:49:53,403 - INFO - 定位登录按钮...
2025-09-28 07:50:08,612 - INFO - 成功找到登录按钮
2025-09-28 07:50:08,612 - INFO - 点击登录按钮...
2025-09-28 07:50:09,135 - INFO - 等待页面跳转...
2025-09-28 07:50:12,138 - INFO - 登录后页面URL: http://192.168.1.1/webpages/index.html
2025-09-28 07:50:12,138 - INFO - 登录成功!
2025-09-28 07:50:12,138 - INFO - 导航到WAN设置页面...
2025-09-28 07:50:13,138 - INFO - 查找基本设置菜单...
2025-09-28 07:50:16,192 - INFO - 成功找到基本设置菜单
2025-09-28 07:50:16,192 - INFO - 点击基本设置菜单...
2025-09-28 07:50:17,713 - INFO - 查找WAN设置菜单...
2025-09-28 07:50:20,758 - INFO - 成功找到WAN设置菜单
2025-09-28 07:50:20,758 - INFO - 点击WAN设置菜单...
2025-09-28 07:50:21,278 - INFO - 等待WAN设置页面加载...
2025-09-28 07:50:23,278 - INFO - 成功导航到WAN设置页面
2025-09-28 07:50:23,278 - INFO - 选择WAN2接口设置...
2025-09-28 07:50:24,278 - INFO - 查找WAN2设置选项...
2025-09-28 07:50:27,316 - INFO - 成功找到WAN2设置选项
2025-09-28 07:50:27,316 - INFO - 点击WAN2设置选项...
2025-09-28 07:50:27,837 - INFO - 等待接口设置frame变化...
2025-09-28 07:50:28,837 - INFO - 成功选择WAN2接口设置
2025-09-28 07:50:28,837 - INFO - 
步骤1: 断开WAN2连接...
2025-09-28 07:50:28,837 - INFO - 断开WAN2连接...
2025-09-28 07:50:37,985 - INFO - 成功找到断开按钮
2025-09-28 07:50:37,985 - INFO - 点击断开按钮...
2025-09-28 07:50:39,504 - INFO - WAN2已断开连接
2025-09-28 07:50:39,504 - INFO - 等待1秒...
2025-09-28 07:50:40,504 - INFO - 
步骤2: 连接WAN2...
2025-09-28 07:50:40,505 - INFO - 连接WAN2...
2025-09-28 07:50:52,629 - WARNING - 未通过标准方式找到连接按钮，尝试更通用的查找方法
2025-09-28 07:50:52,667 - INFO - 通过文本内容找到连接按钮
2025-09-28 07:50:52,667 - INFO - 成功找到连接按钮
2025-09-28 07:50:52,667 - INFO - 点击连接按钮...
2025-09-28 07:50:54,184 - INFO - WAN2已连接
2025-09-28 07:50:54,184 - INFO - 等待5秒...
2025-09-28 07:50:59,185 - INFO - 
==================================================
2025-09-28 07:50:59,185 - INFO - WAN2连接切换完成!
2025-09-28 07:50:59,185 - INFO - ==================================================
2025-09-28 07:50:59,239 - INFO - 浏览器已关闭
2025-09-28 07:50:59,239 - INFO - IP切换操作成功完成。
2025-09-28 07:51:46,978 - INFO - 通过函数调用方式切换TP-Link路由器WAN2连接
2025-09-28 07:51:46,978 - INFO - 初始化TP-Link路由器控制器: http://192.168.1.1
2025-09-28 07:51:46,978 - INFO - ==================================================
2025-09-28 07:51:46,978 - INFO - 开始切换TP-Link路由器WAN2连接
2025-09-28 07:51:46,978 - INFO - ==================================================
2025-09-28 07:51:46,978 - INFO - 设置Chrome WebDriver...
2025-09-28 07:51:46,978 - INFO - ====== WebDriver manager ======
2025-09-28 07:51:47,029 - INFO - Get LATEST chromedriver version for google-chrome
2025-09-28 07:51:47,642 - INFO - Get LATEST chromedriver version for google-chrome
2025-09-28 07:51:47,960 - INFO - Driver [/home/mike/.wdm/drivers/chromedriver/linux64/140.0.7339.207/chromedriver-linux64/chromedriver] found in cache
2025-09-28 07:51:48,124 - INFO - Chrome WebDriver设置成功
2025-09-28 07:51:48,124 - INFO - 开始登录路由器...
2025-09-28 07:51:48,124 - INFO - 路由器地址: http://192.168.1.1
2025-09-28 07:51:48,124 - INFO - 访问登录页面: http://192.168.1.1/webpages/login.html
2025-09-28 07:51:48,421 - INFO - 等待页面加载...
2025-09-28 07:51:50,422 - INFO - 定位用户名输入框...
2025-09-28 07:51:50,429 - INFO - 成功找到用户名输入框
2025-09-28 07:51:50,429 - INFO - 输入用户名: wangdg68
2025-09-28 07:51:50,486 - INFO - 定位密码输入框...
2025-09-28 07:51:53,544 - INFO - 成功找到密码输入框
2025-09-28 07:51:53,544 - INFO - 输入密码...
2025-09-28 07:51:53,566 - INFO - 定位登录按钮...
2025-09-28 07:52:08,761 - INFO - 成功找到登录按钮
2025-09-28 07:52:08,761 - INFO - 点击登录按钮...
2025-09-28 07:52:09,284 - INFO - 等待页面跳转...
2025-09-28 07:52:12,286 - INFO - 登录后页面URL: http://192.168.1.1/webpages/index.html
2025-09-28 07:52:12,286 - INFO - 登录成功!
2025-09-28 07:52:12,287 - INFO - 导航到WAN设置页面...
2025-09-28 07:52:13,287 - INFO - 查找基本设置菜单...
2025-09-28 07:52:16,323 - INFO - 成功找到基本设置菜单
2025-09-28 07:52:16,323 - INFO - 点击基本设置菜单...
2025-09-28 07:52:17,843 - INFO - 查找WAN设置菜单...
2025-09-28 07:52:20,873 - INFO - 成功找到WAN设置菜单
2025-09-28 07:52:20,873 - INFO - 点击WAN设置菜单...
2025-09-28 07:52:21,395 - INFO - 等待WAN设置页面加载...
2025-09-28 07:52:23,395 - INFO - 成功导航到WAN设置页面
2025-09-28 07:52:23,396 - INFO - 选择WAN2接口设置...
2025-09-28 07:52:24,396 - INFO - 查找WAN2设置选项...
2025-09-28 07:52:27,436 - INFO - 成功找到WAN2设置选项
2025-09-28 07:52:27,436 - INFO - 点击WAN2设置选项...
2025-09-28 07:52:27,957 - INFO - 等待接口设置frame变化...
2025-09-28 07:52:28,957 - INFO - 成功选择WAN2接口设置
2025-09-28 07:52:28,957 - INFO - 
步骤1: 断开WAN2连接...
2025-09-28 07:52:28,957 - INFO - 断开WAN2连接...
2025-09-28 07:52:38,063 - INFO - 成功找到断开按钮
2025-09-28 07:52:38,063 - INFO - 点击断开按钮...
2025-09-28 07:52:39,584 - INFO - WAN2已断开连接
2025-09-28 07:52:39,584 - INFO - 等待1秒...
2025-09-28 07:52:40,584 - INFO - 
步骤2: 连接WAN2...
2025-09-28 07:52:40,584 - INFO - 连接WAN2...
2025-09-28 07:52:52,714 - WARNING - 未通过标准方式找到连接按钮，尝试更通用的查找方法
2025-09-28 07:52:52,752 - INFO - 通过文本内容找到连接按钮
2025-09-28 07:52:52,752 - INFO - 成功找到连接按钮
2025-09-28 07:52:52,752 - INFO - 点击连接按钮...
2025-09-28 07:52:54,273 - INFO - WAN2已连接
2025-09-28 07:52:54,273 - INFO - 等待5秒...
2025-09-28 07:52:59,274 - INFO - 
==================================================
2025-09-28 07:52:59,274 - INFO - WAN2连接切换完成!
2025-09-28 07:52:59,274 - INFO - ==================================================
2025-09-28 07:52:59,330 - INFO - 浏览器已关闭
2025-09-28 07:52:59,330 - INFO - IP切换操作成功完成。
2025-09-28 07:53:53,764 - INFO - 通过函数调用方式切换TP-Link路由器WAN2连接
2025-09-28 07:53:53,764 - INFO - 初始化TP-Link路由器控制器: http://192.168.1.1
2025-09-28 07:53:53,764 - INFO - ==================================================
2025-09-28 07:53:53,764 - INFO - 开始切换TP-Link路由器WAN2连接
2025-09-28 07:53:53,764 - INFO - ==================================================
2025-09-28 07:53:53,764 - INFO - 设置Chrome WebDriver...
2025-09-28 07:53:53,764 - INFO - ====== WebDriver manager ======
2025-09-28 07:53:53,810 - INFO - Get LATEST chromedriver version for google-chrome
2025-09-28 07:53:54,228 - INFO - Get LATEST chromedriver version for google-chrome
2025-09-28 07:53:54,528 - INFO - Driver [/home/mike/.wdm/drivers/chromedriver/linux64/140.0.7339.207/chromedriver-linux64/chromedriver] found in cache
2025-09-28 07:53:54,730 - INFO - Chrome WebDriver设置成功
2025-09-28 07:53:54,730 - INFO - 开始登录路由器...
2025-09-28 07:53:54,730 - INFO - 路由器地址: http://192.168.1.1
2025-09-28 07:53:54,730 - INFO - 访问登录页面: http://192.168.1.1/webpages/login.html
2025-09-28 07:53:55,075 - INFO - 等待页面加载...
2025-09-28 07:53:57,075 - INFO - 定位用户名输入框...
2025-09-28 07:53:57,080 - INFO - 成功找到用户名输入框
2025-09-28 07:53:57,080 - INFO - 输入用户名: wangdg68
2025-09-28 07:53:57,137 - INFO - 定位密码输入框...
2025-09-28 07:54:00,175 - INFO - 成功找到密码输入框
2025-09-28 07:54:00,175 - INFO - 输入密码...
2025-09-28 07:54:00,197 - INFO - 定位登录按钮...
2025-09-28 07:54:15,354 - INFO - 成功找到登录按钮
2025-09-28 07:54:15,354 - INFO - 点击登录按钮...
2025-09-28 07:54:15,879 - INFO - 等待页面跳转...
2025-09-28 07:54:18,882 - INFO - 登录后页面URL: http://192.168.1.1/webpages/index.html
2025-09-28 07:54:18,882 - INFO - 登录成功!
2025-09-28 07:54:18,882 - INFO - 导航到WAN设置页面...
2025-09-28 07:54:19,882 - INFO - 查找基本设置菜单...
2025-09-28 07:54:22,942 - INFO - 成功找到基本设置菜单
2025-09-28 07:54:22,942 - INFO - 点击基本设置菜单...
2025-09-28 07:54:24,463 - INFO - 查找WAN设置菜单...
2025-09-28 07:54:27,512 - INFO - 成功找到WAN设置菜单
2025-09-28 07:54:27,512 - INFO - 点击WAN设置菜单...
2025-09-28 07:54:28,032 - INFO - 等待WAN设置页面加载...
2025-09-28 07:54:30,032 - INFO - 成功导航到WAN设置页面
2025-09-28 07:54:30,032 - INFO - 选择WAN2接口设置...
2025-09-28 07:54:31,032 - INFO - 查找WAN2设置选项...
2025-09-28 07:54:34,067 - INFO - 成功找到WAN2设置选项
2025-09-28 07:54:34,067 - INFO - 点击WAN2设置选项...
2025-09-28 07:54:34,587 - INFO - 等待接口设置frame变化...
2025-09-28 07:54:35,587 - INFO - 成功选择WAN2接口设置
2025-09-28 07:54:35,587 - INFO - 
步骤1: 断开WAN2连接...
2025-09-28 07:54:35,587 - INFO - 断开WAN2连接...
2025-09-28 07:54:44,642 - INFO - 成功找到断开按钮
2025-09-28 07:54:44,642 - INFO - 点击断开按钮...
2025-09-28 07:54:46,164 - INFO - WAN2已断开连接
2025-09-28 07:54:46,164 - INFO - 等待1秒...
2025-09-28 07:54:47,164 - INFO - 
步骤2: 连接WAN2...
2025-09-28 07:54:47,164 - INFO - 连接WAN2...
2025-09-28 07:54:59,319 - WARNING - 未通过标准方式找到连接按钮，尝试更通用的查找方法
2025-09-28 07:54:59,361 - INFO - 通过文本内容找到连接按钮
2025-09-28 07:54:59,361 - INFO - 成功找到连接按钮
2025-09-28 07:54:59,361 - INFO - 点击连接按钮...
2025-09-28 07:55:00,880 - INFO - WAN2已连接
2025-09-28 07:55:00,880 - INFO - 等待5秒...
2025-09-28 07:55:05,880 - INFO - 
==================================================
2025-09-28 07:55:05,881 - INFO - WAN2连接切换完成!
2025-09-28 07:55:05,881 - INFO - ==================================================
2025-09-28 07:55:05,936 - INFO - 浏览器已关闭
2025-09-28 07:55:05,936 - INFO - IP切换操作成功完成。
2025-09-28 07:55:44,622 - INFO - 通过函数调用方式切换TP-Link路由器WAN2连接
2025-09-28 07:55:44,622 - INFO - 初始化TP-Link路由器控制器: http://192.168.1.1
2025-09-28 07:55:44,623 - INFO - ==================================================
2025-09-28 07:55:44,623 - INFO - 开始切换TP-Link路由器WAN2连接
2025-09-28 07:55:44,623 - INFO - ==================================================
2025-09-28 07:55:44,623 - INFO - 设置Chrome WebDriver...
2025-09-28 07:55:44,623 - INFO - ====== WebDriver manager ======
2025-09-28 07:55:44,670 - INFO - Get LATEST chromedriver version for google-chrome
2025-09-28 07:55:44,971 - INFO - Get LATEST chromedriver version for google-chrome
2025-09-28 07:55:45,268 - INFO - Driver [/home/mike/.wdm/drivers/chromedriver/linux64/140.0.7339.207/chromedriver-linux64/chromedriver] found in cache
2025-09-28 07:55:45,471 - INFO - Chrome WebDriver设置成功
2025-09-28 07:55:45,471 - INFO - 开始登录路由器...
2025-09-28 07:55:45,471 - INFO - 路由器地址: http://192.168.1.1
2025-09-28 07:55:45,471 - INFO - 访问登录页面: http://192.168.1.1/webpages/login.html
2025-09-28 07:55:45,810 - INFO - 等待页面加载...
2025-09-28 07:55:47,810 - INFO - 定位用户名输入框...
2025-09-28 07:55:47,818 - INFO - 成功找到用户名输入框
2025-09-28 07:55:47,818 - INFO - 输入用户名: wangdg68
2025-09-28 07:55:47,874 - INFO - 定位密码输入框...
2025-09-28 07:55:50,902 - INFO - 成功找到密码输入框
2025-09-28 07:55:50,902 - INFO - 输入密码...
2025-09-28 07:55:50,924 - INFO - 定位登录按钮...
2025-09-28 07:56:06,045 - INFO - 成功找到登录按钮
2025-09-28 07:56:06,046 - INFO - 点击登录按钮...
2025-09-28 07:56:06,567 - INFO - 等待页面跳转...
2025-09-28 07:56:09,570 - INFO - 登录后页面URL: http://192.168.1.1/webpages/index.html
2025-09-28 07:56:09,570 - INFO - 登录成功!
2025-09-28 07:56:09,570 - INFO - 导航到WAN设置页面...
2025-09-28 07:56:10,570 - INFO - 查找基本设置菜单...
2025-09-28 07:56:13,603 - INFO - 成功找到基本设置菜单
2025-09-28 07:56:13,603 - INFO - 点击基本设置菜单...
2025-09-28 07:56:15,129 - INFO - 查找WAN设置菜单...
2025-09-28 07:56:18,166 - INFO - 成功找到WAN设置菜单
2025-09-28 07:56:18,166 - INFO - 点击WAN设置菜单...
2025-09-28 07:56:18,687 - INFO - 等待WAN设置页面加载...
2025-09-28 07:56:20,687 - INFO - 成功导航到WAN设置页面
2025-09-28 07:56:20,687 - INFO - 选择WAN2接口设置...
2025-09-28 07:56:21,688 - INFO - 查找WAN2设置选项...
2025-09-28 07:56:24,716 - INFO - 成功找到WAN2设置选项
2025-09-28 07:56:24,716 - INFO - 点击WAN2设置选项...
2025-09-28 07:56:25,234 - INFO - 等待接口设置frame变化...
2025-09-28 07:56:26,234 - INFO - 成功选择WAN2接口设置
2025-09-28 07:56:26,234 - INFO - 
步骤1: 断开WAN2连接...
2025-09-28 07:56:26,235 - INFO - 断开WAN2连接...
2025-09-28 07:56:35,338 - INFO - 成功找到断开按钮
2025-09-28 07:56:35,338 - INFO - 点击断开按钮...
2025-09-28 07:56:36,858 - INFO - WAN2已断开连接
2025-09-28 07:56:36,858 - INFO - 等待1秒...
2025-09-28 07:56:37,858 - INFO - 
步骤2: 连接WAN2...
2025-09-28 07:56:37,858 - INFO - 连接WAN2...
2025-09-28 07:56:49,986 - WARNING - 未通过标准方式找到连接按钮，尝试更通用的查找方法
2025-09-28 07:56:50,023 - INFO - 通过文本内容找到连接按钮
2025-09-28 07:56:50,023 - INFO - 成功找到连接按钮
2025-09-28 07:56:50,023 - INFO - 点击连接按钮...
2025-09-28 07:56:51,544 - INFO - WAN2已连接
2025-09-28 07:56:51,544 - INFO - 等待5秒...
2025-09-28 07:56:56,544 - INFO - 
==================================================
2025-09-28 07:56:56,545 - INFO - WAN2连接切换完成!
2025-09-28 07:56:56,545 - INFO - ==================================================
2025-09-28 07:56:56,599 - INFO - 浏览器已关闭
2025-09-28 07:56:56,599 - INFO - IP切换操作成功完成。
2025-09-28 07:57:37,852 - INFO - 通过函数调用方式切换TP-Link路由器WAN2连接
2025-09-28 07:57:37,852 - INFO - 初始化TP-Link路由器控制器: http://192.168.1.1
2025-09-28 07:57:37,852 - INFO - ==================================================
2025-09-28 07:57:37,852 - INFO - 开始切换TP-Link路由器WAN2连接
2025-09-28 07:57:37,852 - INFO - ==================================================
2025-09-28 07:57:37,852 - INFO - 设置Chrome WebDriver...
2025-09-28 07:57:37,852 - INFO - ====== WebDriver manager ======
2025-09-28 07:57:37,905 - INFO - Get LATEST chromedriver version for google-chrome
2025-09-28 07:57:38,220 - INFO - Get LATEST chromedriver version for google-chrome
2025-09-28 07:57:38,509 - INFO - Driver [/home/mike/.wdm/drivers/chromedriver/linux64/140.0.7339.207/chromedriver-linux64/chromedriver] found in cache
2025-09-28 07:57:38,691 - INFO - Chrome WebDriver设置成功
2025-09-28 07:57:38,691 - INFO - 开始登录路由器...
2025-09-28 07:57:38,691 - INFO - 路由器地址: http://192.168.1.1
2025-09-28 07:57:38,691 - INFO - 访问登录页面: http://192.168.1.1/webpages/login.html
2025-09-28 07:57:38,995 - INFO - 等待页面加载...
2025-09-28 07:57:40,996 - INFO - 定位用户名输入框...
2025-09-28 07:57:41,002 - INFO - 成功找到用户名输入框
2025-09-28 07:57:41,003 - INFO - 输入用户名: wangdg68
2025-09-28 07:57:41,060 - INFO - 定位密码输入框...
2025-09-28 07:57:44,083 - INFO - 成功找到密码输入框
2025-09-28 07:57:44,083 - INFO - 输入密码...
2025-09-28 07:57:44,104 - INFO - 定位登录按钮...
2025-09-28 07:57:59,200 - INFO - 成功找到登录按钮
2025-09-28 07:57:59,200 - INFO - 点击登录按钮...
2025-09-28 07:57:59,721 - INFO - 等待页面跳转...
2025-09-28 07:58:02,725 - INFO - 登录后页面URL: http://192.168.1.1/webpages/index.html
2025-09-28 07:58:02,725 - INFO - 登录成功!
2025-09-28 07:58:02,725 - INFO - 导航到WAN设置页面...
2025-09-28 07:58:03,725 - INFO - 查找基本设置菜单...
2025-09-28 07:58:06,763 - INFO - 成功找到基本设置菜单
2025-09-28 07:58:06,763 - INFO - 点击基本设置菜单...
2025-09-28 07:58:08,284 - INFO - 查找WAN设置菜单...
2025-09-28 07:58:11,330 - INFO - 成功找到WAN设置菜单
2025-09-28 07:58:11,330 - INFO - 点击WAN设置菜单...
2025-09-28 07:58:11,852 - INFO - 等待WAN设置页面加载...
2025-09-28 07:58:13,852 - INFO - 成功导航到WAN设置页面
2025-09-28 07:58:13,852 - INFO - 选择WAN2接口设置...
2025-09-28 07:58:14,852 - INFO - 查找WAN2设置选项...
2025-09-28 07:58:17,867 - INFO - 成功找到WAN2设置选项
2025-09-28 07:58:17,867 - INFO - 点击WAN2设置选项...
2025-09-28 07:58:18,385 - INFO - 等待接口设置frame变化...
2025-09-28 07:58:19,385 - INFO - 成功选择WAN2接口设置
2025-09-28 07:58:19,385 - INFO - 
步骤1: 断开WAN2连接...
2025-09-28 07:58:19,385 - INFO - 断开WAN2连接...
2025-09-28 07:58:28,439 - INFO - 成功找到断开按钮
2025-09-28 07:58:28,439 - INFO - 点击断开按钮...
2025-09-28 07:58:29,959 - INFO - WAN2已断开连接
2025-09-28 07:58:29,959 - INFO - 等待1秒...
2025-09-28 07:58:30,959 - INFO - 
步骤2: 连接WAN2...
2025-09-28 07:58:30,960 - INFO - 连接WAN2...
2025-09-28 07:58:43,132 - WARNING - 未通过标准方式找到连接按钮，尝试更通用的查找方法
2025-09-28 07:58:43,169 - INFO - 通过文本内容找到连接按钮
2025-09-28 07:58:43,169 - INFO - 成功找到连接按钮
2025-09-28 07:58:43,169 - INFO - 点击连接按钮...
2025-09-28 07:58:44,691 - INFO - WAN2已连接
2025-09-28 07:58:44,691 - INFO - 等待5秒...
2025-09-28 07:58:49,691 - INFO - 
==================================================
2025-09-28 07:58:49,691 - INFO - WAN2连接切换完成!
2025-09-28 07:58:49,691 - INFO - ==================================================
2025-09-28 07:58:49,745 - INFO - 浏览器已关闭
2025-09-28 07:58:49,745 - INFO - IP切换操作成功完成。
2025-09-28 07:59:31,954 - INFO - 通过函数调用方式切换TP-Link路由器WAN2连接
2025-09-28 07:59:31,955 - INFO - 初始化TP-Link路由器控制器: http://192.168.1.1
2025-09-28 07:59:31,955 - INFO - ==================================================
2025-09-28 07:59:31,955 - INFO - 开始切换TP-Link路由器WAN2连接
2025-09-28 07:59:31,955 - INFO - ==================================================
2025-09-28 07:59:31,955 - INFO - 设置Chrome WebDriver...
2025-09-28 07:59:31,955 - INFO - ====== WebDriver manager ======
2025-09-28 07:59:32,000 - INFO - Get LATEST chromedriver version for google-chrome
2025-09-28 07:59:32,317 - INFO - Get LATEST chromedriver version for google-chrome
2025-09-28 07:59:32,637 - INFO - Driver [/home/mike/.wdm/drivers/chromedriver/linux64/140.0.7339.207/chromedriver-linux64/chromedriver] found in cache
2025-09-28 07:59:32,815 - INFO - Chrome WebDriver设置成功
2025-09-28 07:59:32,815 - INFO - 开始登录路由器...
2025-09-28 07:59:32,815 - INFO - 路由器地址: http://192.168.1.1
2025-09-28 07:59:32,815 - INFO - 访问登录页面: http://192.168.1.1/webpages/login.html
2025-09-28 07:59:33,117 - INFO - 等待页面加载...
2025-09-28 07:59:35,117 - INFO - 定位用户名输入框...
2025-09-28 07:59:35,124 - INFO - 成功找到用户名输入框
2025-09-28 07:59:35,124 - INFO - 输入用户名: wangdg68
2025-09-28 07:59:35,180 - INFO - 定位密码输入框...
2025-09-28 07:59:38,223 - INFO - 成功找到密码输入框
2025-09-28 07:59:38,223 - INFO - 输入密码...
2025-09-28 07:59:38,243 - INFO - 定位登录按钮...
2025-09-28 07:59:53,367 - INFO - 成功找到登录按钮
2025-09-28 07:59:53,367 - INFO - 点击登录按钮...
2025-09-28 07:59:53,890 - INFO - 等待页面跳转...
2025-09-28 07:59:56,892 - INFO - 登录后页面URL: http://192.168.1.1/webpages/index.html
2025-09-28 07:59:56,892 - INFO - 登录成功!
2025-09-28 07:59:56,892 - INFO - 导航到WAN设置页面...
2025-09-28 07:59:57,893 - INFO - 查找基本设置菜单...
2025-09-28 08:00:00,945 - INFO - 成功找到基本设置菜单
2025-09-28 08:00:00,945 - INFO - 点击基本设置菜单...
2025-09-28 08:00:02,465 - INFO - 查找WAN设置菜单...
2025-09-28 08:00:05,509 - INFO - 成功找到WAN设置菜单
2025-09-28 08:00:05,510 - INFO - 点击WAN设置菜单...
2025-09-28 08:00:06,032 - INFO - 等待WAN设置页面加载...
2025-09-28 08:00:08,032 - INFO - 成功导航到WAN设置页面
2025-09-28 08:00:08,032 - INFO - 选择WAN2接口设置...
2025-09-28 08:00:09,033 - INFO - 查找WAN2设置选项...
2025-09-28 08:00:12,077 - INFO - 成功找到WAN2设置选项
2025-09-28 08:00:12,077 - INFO - 点击WAN2设置选项...
2025-09-28 08:00:12,597 - INFO - 等待接口设置frame变化...
2025-09-28 08:00:13,597 - INFO - 成功选择WAN2接口设置
2025-09-28 08:00:13,597 - INFO - 
步骤1: 断开WAN2连接...
2025-09-28 08:00:13,597 - INFO - 断开WAN2连接...
2025-09-28 08:00:22,709 - INFO - 成功找到断开按钮
2025-09-28 08:00:22,709 - INFO - 点击断开按钮...
2025-09-28 08:00:24,231 - INFO - WAN2已断开连接
2025-09-28 08:00:24,231 - INFO - 等待1秒...
2025-09-28 08:00:25,231 - INFO - 
步骤2: 连接WAN2...
2025-09-28 08:00:25,231 - INFO - 连接WAN2...
2025-09-28 08:00:37,371 - WARNING - 未通过标准方式找到连接按钮，尝试更通用的查找方法
2025-09-28 08:00:37,405 - INFO - 通过文本内容找到连接按钮
2025-09-28 08:00:37,405 - INFO - 成功找到连接按钮
2025-09-28 08:00:37,405 - INFO - 点击连接按钮...
2025-09-28 08:00:38,923 - INFO - WAN2已连接
2025-09-28 08:00:38,923 - INFO - 等待5秒...
2025-09-28 08:00:43,923 - INFO - 
==================================================
2025-09-28 08:00:43,923 - INFO - WAN2连接切换完成!
2025-09-28 08:00:43,923 - INFO - ==================================================
2025-09-28 08:00:43,977 - INFO - 浏览器已关闭
2025-09-28 08:00:43,977 - INFO - IP切换操作成功完成。
2025-09-28 08:01:22,459 - INFO - 通过函数调用方式切换TP-Link路由器WAN2连接
2025-09-28 08:01:22,459 - INFO - 初始化TP-Link路由器控制器: http://192.168.1.1
2025-09-28 08:01:22,459 - INFO - ==================================================
2025-09-28 08:01:22,459 - INFO - 开始切换TP-Link路由器WAN2连接
2025-09-28 08:01:22,459 - INFO - ==================================================
2025-09-28 08:01:22,459 - INFO - 设置Chrome WebDriver...
2025-09-28 08:01:22,459 - INFO - ====== WebDriver manager ======
2025-09-28 08:01:22,504 - INFO - Get LATEST chromedriver version for google-chrome
2025-09-28 08:01:22,871 - INFO - Get LATEST chromedriver version for google-chrome
2025-09-28 08:01:23,170 - INFO - Driver [/home/mike/.wdm/drivers/chromedriver/linux64/140.0.7339.207/chromedriver-linux64/chromedriver] found in cache
2025-09-28 08:01:23,369 - INFO - Chrome WebDriver设置成功
2025-09-28 08:01:23,369 - INFO - 开始登录路由器...
2025-09-28 08:01:23,369 - INFO - 路由器地址: http://192.168.1.1
2025-09-28 08:01:23,369 - INFO - 访问登录页面: http://192.168.1.1/webpages/login.html
2025-09-28 08:01:23,666 - INFO - 等待页面加载...
2025-09-28 08:01:25,666 - INFO - 定位用户名输入框...
2025-09-28 08:01:25,672 - INFO - 成功找到用户名输入框
2025-09-28 08:01:25,672 - INFO - 输入用户名: wangdg68
2025-09-28 08:01:25,727 - INFO - 定位密码输入框...
2025-09-28 08:01:28,766 - INFO - 成功找到密码输入框
2025-09-28 08:01:28,766 - INFO - 输入密码...
2025-09-28 08:01:28,787 - INFO - 定位登录按钮...
2025-09-28 08:01:43,952 - INFO - 成功找到登录按钮
2025-09-28 08:01:43,952 - INFO - 点击登录按钮...
2025-09-28 08:01:44,475 - INFO - 等待页面跳转...
2025-09-28 08:01:47,479 - INFO - 登录后页面URL: http://192.168.1.1/webpages/index.html
2025-09-28 08:01:47,479 - INFO - 登录成功!
2025-09-28 08:01:47,479 - INFO - 导航到WAN设置页面...
2025-09-28 08:01:48,479 - INFO - 查找基本设置菜单...
2025-09-28 08:01:51,520 - INFO - 成功找到基本设置菜单
2025-09-28 08:01:51,520 - INFO - 点击基本设置菜单...
2025-09-28 08:01:53,041 - INFO - 查找WAN设置菜单...
2025-09-28 08:01:56,082 - INFO - 成功找到WAN设置菜单
2025-09-28 08:01:56,082 - INFO - 点击WAN设置菜单...
2025-09-28 08:01:56,603 - INFO - 等待WAN设置页面加载...
2025-09-28 08:01:58,604 - INFO - 成功导航到WAN设置页面
2025-09-28 08:01:58,604 - INFO - 选择WAN2接口设置...
2025-09-28 08:01:59,604 - INFO - 查找WAN2设置选项...
2025-09-28 08:02:02,639 - INFO - 成功找到WAN2设置选项
2025-09-28 08:02:02,639 - INFO - 点击WAN2设置选项...
2025-09-28 08:02:03,160 - INFO - 等待接口设置frame变化...
2025-09-28 08:02:04,160 - INFO - 成功选择WAN2接口设置
2025-09-28 08:02:04,160 - INFO - 
步骤1: 断开WAN2连接...
2025-09-28 08:02:04,160 - INFO - 断开WAN2连接...
2025-09-28 08:02:13,265 - INFO - 成功找到断开按钮
2025-09-28 08:02:13,265 - INFO - 点击断开按钮...
2025-09-28 08:02:14,784 - INFO - WAN2已断开连接
2025-09-28 08:02:14,784 - INFO - 等待1秒...
2025-09-28 08:02:15,784 - INFO - 
步骤2: 连接WAN2...
2025-09-28 08:02:15,784 - INFO - 连接WAN2...
2025-09-28 08:02:27,937 - WARNING - 未通过标准方式找到连接按钮，尝试更通用的查找方法
2025-09-28 08:02:27,975 - INFO - 通过文本内容找到连接按钮
2025-09-28 08:02:27,975 - INFO - 成功找到连接按钮
2025-09-28 08:02:27,975 - INFO - 点击连接按钮...
2025-09-28 08:02:29,499 - INFO - WAN2已连接
2025-09-28 08:02:29,499 - INFO - 等待5秒...
2025-09-28 08:02:34,499 - INFO - 
==================================================
2025-09-28 08:02:34,499 - INFO - WAN2连接切换完成!
2025-09-28 08:02:34,499 - INFO - ==================================================
2025-09-28 08:02:34,553 - INFO - 浏览器已关闭
2025-09-28 08:02:34,553 - INFO - IP切换操作成功完成。
2025-09-28 08:03:45,211 - INFO - 通过函数调用方式切换TP-Link路由器WAN2连接
2025-09-28 08:03:45,211 - INFO - 初始化TP-Link路由器控制器: http://192.168.1.1
2025-09-28 08:03:45,211 - INFO - ==================================================
2025-09-28 08:03:45,211 - INFO - 开始切换TP-Link路由器WAN2连接
2025-09-28 08:03:45,211 - INFO - ==================================================
2025-09-28 08:03:45,211 - INFO - 设置Chrome WebDriver...
2025-09-28 08:03:45,212 - INFO - ====== WebDriver manager ======
2025-09-28 08:03:45,267 - INFO - Get LATEST chromedriver version for google-chrome
2025-09-28 08:03:45,606 - INFO - Get LATEST chromedriver version for google-chrome
2025-09-28 08:03:45,920 - INFO - Driver [/home/mike/.wdm/drivers/chromedriver/linux64/140.0.7339.207/chromedriver-linux64/chromedriver] found in cache
2025-09-28 08:03:46,130 - INFO - Chrome WebDriver设置成功
2025-09-28 08:03:46,130 - INFO - 开始登录路由器...
2025-09-28 08:03:46,130 - INFO - 路由器地址: http://192.168.1.1
2025-09-28 08:03:46,130 - INFO - 访问登录页面: http://192.168.1.1/webpages/login.html
2025-09-28 08:03:46,435 - INFO - 等待页面加载...
2025-09-28 08:03:48,435 - INFO - 定位用户名输入框...
2025-09-28 08:03:48,441 - INFO - 成功找到用户名输入框
2025-09-28 08:03:48,442 - INFO - 输入用户名: wangdg68
2025-09-28 08:03:48,507 - INFO - 定位密码输入框...
2025-09-28 08:03:51,573 - INFO - 成功找到密码输入框
2025-09-28 08:03:51,573 - INFO - 输入密码...
2025-09-28 08:03:51,595 - INFO - 定位登录按钮...
2025-09-28 08:04:06,774 - INFO - 成功找到登录按钮
2025-09-28 08:04:06,774 - INFO - 点击登录按钮...
2025-09-28 08:04:07,301 - INFO - 等待页面跳转...
2025-09-28 08:04:10,305 - INFO - 登录后页面URL: http://192.168.1.1/webpages/index.html
2025-09-28 08:04:10,305 - INFO - 登录成功!
2025-09-28 08:04:10,305 - INFO - 导航到WAN设置页面...
2025-09-28 08:04:11,305 - INFO - 查找基本设置菜单...
2025-09-28 08:04:14,315 - INFO - 成功找到基本设置菜单
2025-09-28 08:04:14,315 - INFO - 点击基本设置菜单...
2025-09-28 08:04:15,836 - INFO - 查找WAN设置菜单...
2025-09-28 08:04:18,878 - INFO - 成功找到WAN设置菜单
2025-09-28 08:04:18,878 - INFO - 点击WAN设置菜单...
2025-09-28 08:04:19,400 - INFO - 等待WAN设置页面加载...
2025-09-28 08:04:21,400 - INFO - 成功导航到WAN设置页面
2025-09-28 08:04:21,400 - INFO - 选择WAN2接口设置...
2025-09-28 08:04:22,401 - INFO - 查找WAN2设置选项...
2025-09-28 08:04:25,429 - INFO - 成功找到WAN2设置选项
2025-09-28 08:04:25,429 - INFO - 点击WAN2设置选项...
2025-09-28 08:04:25,948 - INFO - 等待接口设置frame变化...
2025-09-28 08:04:26,948 - INFO - 成功选择WAN2接口设置
2025-09-28 08:04:26,948 - INFO - 
步骤1: 断开WAN2连接...
2025-09-28 08:04:26,948 - INFO - 断开WAN2连接...
2025-09-28 08:04:36,043 - INFO - 成功找到断开按钮
2025-09-28 08:04:36,043 - INFO - 点击断开按钮...
2025-09-28 08:04:37,561 - INFO - WAN2已断开连接
2025-09-28 08:04:37,561 - INFO - 等待1秒...
2025-09-28 08:04:38,561 - INFO - 
步骤2: 连接WAN2...
2025-09-28 08:04:38,561 - INFO - 连接WAN2...
2025-09-28 08:04:50,709 - WARNING - 未通过标准方式找到连接按钮，尝试更通用的查找方法
2025-09-28 08:04:50,749 - INFO - 通过文本内容找到连接按钮
2025-09-28 08:04:50,749 - INFO - 成功找到连接按钮
2025-09-28 08:04:50,749 - INFO - 点击连接按钮...
2025-09-28 08:04:52,269 - INFO - WAN2已连接
2025-09-28 08:04:52,269 - INFO - 等待5秒...
2025-09-28 08:04:57,269 - INFO - 
==================================================
2025-09-28 08:04:57,269 - INFO - WAN2连接切换完成!
2025-09-28 08:04:57,269 - INFO - ==================================================
2025-09-28 08:04:57,323 - INFO - 浏览器已关闭
2025-09-28 08:04:57,323 - INFO - IP切换操作成功完成。
2025-09-28 08:06:55,176 - INFO - 通过函数调用方式切换TP-Link路由器WAN2连接
2025-09-28 08:06:55,176 - INFO - 初始化TP-Link路由器控制器: http://192.168.1.1
2025-09-28 08:06:55,176 - INFO - ==================================================
2025-09-28 08:06:55,176 - INFO - 开始切换TP-Link路由器WAN2连接
2025-09-28 08:06:55,176 - INFO - ==================================================
2025-09-28 08:06:55,176 - INFO - 设置Chrome WebDriver...
2025-09-28 08:06:55,176 - INFO - ====== WebDriver manager ======
2025-09-28 08:06:55,223 - INFO - Get LATEST chromedriver version for google-chrome
2025-09-28 08:06:55,584 - INFO - Get LATEST chromedriver version for google-chrome
2025-09-28 08:06:55,899 - INFO - Driver [/home/mike/.wdm/drivers/chromedriver/linux64/140.0.7339.207/chromedriver-linux64/chromedriver] found in cache
2025-09-28 08:06:56,086 - INFO - Chrome WebDriver设置成功
2025-09-28 08:06:56,086 - INFO - 开始登录路由器...
2025-09-28 08:06:56,086 - INFO - 路由器地址: http://192.168.1.1
2025-09-28 08:06:56,086 - INFO - 访问登录页面: http://192.168.1.1/webpages/login.html
2025-09-28 08:06:56,419 - INFO - 等待页面加载...
2025-09-28 08:06:58,420 - INFO - 定位用户名输入框...
2025-09-28 08:06:58,425 - INFO - 成功找到用户名输入框
2025-09-28 08:06:58,425 - INFO - 输入用户名: wangdg68
2025-09-28 08:06:58,481 - INFO - 定位密码输入框...
2025-09-28 08:07:01,521 - INFO - 成功找到密码输入框
2025-09-28 08:07:01,521 - INFO - 输入密码...
2025-09-28 08:07:01,542 - INFO - 定位登录按钮...
2025-09-28 08:07:16,678 - INFO - 成功找到登录按钮
2025-09-28 08:07:16,678 - INFO - 点击登录按钮...
2025-09-28 08:07:17,203 - INFO - 等待页面跳转...
2025-09-28 08:07:20,206 - INFO - 登录后页面URL: http://192.168.1.1/webpages/index.html
2025-09-28 08:07:20,206 - INFO - 登录成功!
2025-09-28 08:07:20,206 - INFO - 导航到WAN设置页面...
2025-09-28 08:07:21,206 - INFO - 查找基本设置菜单...
2025-09-28 08:07:24,244 - INFO - 成功找到基本设置菜单
2025-09-28 08:07:24,244 - INFO - 点击基本设置菜单...
2025-09-28 08:07:25,763 - INFO - 查找WAN设置菜单...
2025-09-28 08:07:28,784 - INFO - 成功找到WAN设置菜单
2025-09-28 08:07:28,784 - INFO - 点击WAN设置菜单...
2025-09-28 08:07:29,305 - INFO - 等待WAN设置页面加载...
2025-09-28 08:07:31,305 - INFO - 成功导航到WAN设置页面
2025-09-28 08:07:31,305 - INFO - 选择WAN2接口设置...
2025-09-28 08:07:32,306 - INFO - 查找WAN2设置选项...
2025-09-28 08:07:35,338 - INFO - 成功找到WAN2设置选项
2025-09-28 08:07:35,338 - INFO - 点击WAN2设置选项...
2025-09-28 08:07:35,857 - INFO - 等待接口设置frame变化...
2025-09-28 08:07:36,857 - INFO - 成功选择WAN2接口设置
2025-09-28 08:07:36,858 - INFO - 
步骤1: 断开WAN2连接...
2025-09-28 08:07:36,858 - INFO - 断开WAN2连接...
2025-09-28 08:07:45,994 - INFO - 成功找到断开按钮
2025-09-28 08:07:45,994 - INFO - 点击断开按钮...
2025-09-28 08:07:47,513 - INFO - WAN2已断开连接
2025-09-28 08:07:47,513 - INFO - 等待1秒...
2025-09-28 08:07:48,513 - INFO - 
步骤2: 连接WAN2...
2025-09-28 08:07:48,513 - INFO - 连接WAN2...
2025-09-28 08:08:00,662 - WARNING - 未通过标准方式找到连接按钮，尝试更通用的查找方法
2025-09-28 08:08:00,711 - INFO - 通过文本内容找到连接按钮
2025-09-28 08:08:00,711 - INFO - 成功找到连接按钮
2025-09-28 08:08:00,711 - INFO - 点击连接按钮...
2025-09-28 08:08:02,232 - INFO - WAN2已连接
2025-09-28 08:08:02,232 - INFO - 等待5秒...
2025-09-28 08:08:07,232 - INFO - 
==================================================
2025-09-28 08:08:07,232 - INFO - WAN2连接切换完成!
2025-09-28 08:08:07,232 - INFO - ==================================================
2025-09-28 08:08:07,287 - INFO - 浏览器已关闭
2025-09-28 08:08:07,287 - INFO - IP切换操作成功完成。
2025-09-28 08:08:53,005 - INFO - 通过函数调用方式切换TP-Link路由器WAN2连接
2025-09-28 08:08:53,005 - INFO - 初始化TP-Link路由器控制器: http://192.168.1.1
2025-09-28 08:08:53,005 - INFO - ==================================================
2025-09-28 08:08:53,005 - INFO - 开始切换TP-Link路由器WAN2连接
2025-09-28 08:08:53,005 - INFO - ==================================================
2025-09-28 08:08:53,005 - INFO - 设置Chrome WebDriver...
2025-09-28 08:08:53,005 - INFO - ====== WebDriver manager ======
2025-09-28 08:08:53,050 - INFO - Get LATEST chromedriver version for google-chrome
2025-09-28 08:08:53,448 - INFO - Get LATEST chromedriver version for google-chrome
2025-09-28 08:08:53,742 - INFO - Driver [/home/mike/.wdm/drivers/chromedriver/linux64/140.0.7339.207/chromedriver-linux64/chromedriver] found in cache
2025-09-28 08:08:53,943 - INFO - Chrome WebDriver设置成功
2025-09-28 08:08:53,943 - INFO - 开始登录路由器...
2025-09-28 08:08:53,943 - INFO - 路由器地址: http://192.168.1.1
2025-09-28 08:08:53,943 - INFO - 访问登录页面: http://192.168.1.1/webpages/login.html
2025-09-28 08:08:54,242 - INFO - 等待页面加载...
2025-09-28 08:08:56,242 - INFO - 定位用户名输入框...
2025-09-28 08:08:56,249 - INFO - 成功找到用户名输入框
2025-09-28 08:08:56,249 - INFO - 输入用户名: wangdg68
2025-09-28 08:08:56,304 - INFO - 定位密码输入框...
2025-09-28 08:08:59,331 - INFO - 成功找到密码输入框
2025-09-28 08:08:59,331 - INFO - 输入密码...
2025-09-28 08:08:59,354 - INFO - 定位登录按钮...
2025-09-28 08:09:14,541 - INFO - 成功找到登录按钮
2025-09-28 08:09:14,541 - INFO - 点击登录按钮...
2025-09-28 08:09:15,063 - INFO - 等待页面跳转...
2025-09-28 08:09:18,066 - INFO - 登录后页面URL: http://192.168.1.1/webpages/index.html
2025-09-28 08:09:18,067 - INFO - 登录成功!
2025-09-28 08:09:18,067 - INFO - 导航到WAN设置页面...
2025-09-28 08:09:19,067 - INFO - 查找基本设置菜单...
2025-09-28 08:09:22,087 - INFO - 成功找到基本设置菜单
2025-09-28 08:09:22,087 - INFO - 点击基本设置菜单...
2025-09-28 08:09:23,607 - INFO - 查找WAN设置菜单...
2025-09-28 08:09:26,642 - INFO - 成功找到WAN设置菜单
2025-09-28 08:09:26,642 - INFO - 点击WAN设置菜单...
2025-09-28 08:09:27,162 - INFO - 等待WAN设置页面加载...
2025-09-28 08:09:29,162 - INFO - 成功导航到WAN设置页面
2025-09-28 08:09:29,162 - INFO - 选择WAN2接口设置...
2025-09-28 08:09:30,162 - INFO - 查找WAN2设置选项...
2025-09-28 08:09:33,188 - INFO - 成功找到WAN2设置选项
2025-09-28 08:09:33,188 - INFO - 点击WAN2设置选项...
2025-09-28 08:09:33,707 - INFO - 等待接口设置frame变化...
2025-09-28 08:09:34,707 - INFO - 成功选择WAN2接口设置
2025-09-28 08:09:34,707 - INFO - 
步骤1: 断开WAN2连接...
2025-09-28 08:09:34,707 - INFO - 断开WAN2连接...
2025-09-28 08:09:43,792 - INFO - 成功找到断开按钮
2025-09-28 08:09:43,792 - INFO - 点击断开按钮...
2025-09-28 08:09:45,312 - INFO - WAN2已断开连接
2025-09-28 08:09:45,312 - INFO - 等待1秒...
2025-09-28 08:09:46,312 - INFO - 
步骤2: 连接WAN2...
2025-09-28 08:09:46,312 - INFO - 连接WAN2...
2025-09-28 08:09:58,451 - WARNING - 未通过标准方式找到连接按钮，尝试更通用的查找方法
2025-09-28 08:09:58,492 - INFO - 通过文本内容找到连接按钮
2025-09-28 08:09:58,492 - INFO - 成功找到连接按钮
2025-09-28 08:09:58,492 - INFO - 点击连接按钮...
2025-09-28 08:10:00,016 - INFO - WAN2已连接
2025-09-28 08:10:00,016 - INFO - 等待5秒...
2025-09-28 08:10:05,016 - INFO - 
==================================================
2025-09-28 08:10:05,016 - INFO - WAN2连接切换完成!
2025-09-28 08:10:05,016 - INFO - ==================================================
2025-09-28 08:10:05,070 - INFO - 浏览器已关闭
2025-09-28 08:10:05,070 - INFO - IP切换操作成功完成。
2025-09-28 09:50:29,323 - INFO - 通过函数调用方式切换TP-Link路由器WAN2连接
2025-09-28 09:50:29,323 - INFO - 初始化TP-Link路由器控制器: http://192.168.1.1
2025-09-28 09:50:29,323 - INFO - ==================================================
2025-09-28 09:50:29,323 - INFO - 开始切换TP-Link路由器WAN2连接
2025-09-28 09:50:29,323 - INFO - ==================================================
2025-09-28 09:50:29,323 - INFO - 设置Chrome WebDriver...
2025-09-28 09:50:29,323 - INFO - ====== WebDriver manager ======
2025-09-28 09:50:29,370 - INFO - Get LATEST chromedriver version for google-chrome
2025-09-28 09:50:30,055 - INFO - Get LATEST chromedriver version for google-chrome
2025-09-28 09:50:30,378 - INFO - Driver [/home/mike/.wdm/drivers/chromedriver/linux64/140.0.7339.207/chromedriver-linux64/chromedriver] found in cache
2025-09-28 09:50:30,582 - INFO - Chrome WebDriver设置成功
2025-09-28 09:50:30,582 - INFO - 开始登录路由器...
2025-09-28 09:50:30,582 - INFO - 路由器地址: http://192.168.1.1
2025-09-28 09:50:30,582 - INFO - 访问登录页面: http://192.168.1.1/webpages/login.html
2025-09-28 09:50:30,875 - INFO - 等待页面加载...
2025-09-28 09:50:32,876 - INFO - 定位用户名输入框...
2025-09-28 09:50:32,881 - INFO - 成功找到用户名输入框
2025-09-28 09:50:32,881 - INFO - 输入用户名: wangdg68
2025-09-28 09:50:32,937 - INFO - 定位密码输入框...
2025-09-28 09:50:35,979 - INFO - 成功找到密码输入框
2025-09-28 09:50:35,979 - INFO - 输入密码...
2025-09-28 09:50:36,000 - INFO - 定位登录按钮...
2025-09-28 09:50:51,113 - INFO - 成功找到登录按钮
2025-09-28 09:50:51,113 - INFO - 点击登录按钮...
2025-09-28 09:50:51,636 - INFO - 等待页面跳转...
2025-09-28 09:50:54,639 - INFO - 登录后页面URL: http://192.168.1.1/webpages/index.html
2025-09-28 09:50:54,639 - INFO - 登录成功!
2025-09-28 09:50:54,639 - INFO - 导航到WAN设置页面...
2025-09-28 09:50:55,639 - INFO - 查找基本设置菜单...
2025-09-28 09:50:58,662 - INFO - 成功找到基本设置菜单
2025-09-28 09:50:58,662 - INFO - 点击基本设置菜单...
2025-09-28 09:51:00,185 - INFO - 查找WAN设置菜单...
2025-09-28 09:51:03,245 - INFO - 成功找到WAN设置菜单
2025-09-28 09:51:03,245 - INFO - 点击WAN设置菜单...
2025-09-28 09:51:03,765 - INFO - 等待WAN设置页面加载...
2025-09-28 09:51:05,765 - INFO - 成功导航到WAN设置页面
2025-09-28 09:51:05,765 - INFO - 选择WAN2接口设置...
2025-09-28 09:51:06,765 - INFO - 查找WAN2设置选项...
2025-09-28 09:51:09,804 - INFO - 成功找到WAN2设置选项
2025-09-28 09:51:09,804 - INFO - 点击WAN2设置选项...
2025-09-28 09:51:10,323 - INFO - 等待接口设置frame变化...
2025-09-28 09:51:11,323 - INFO - 成功选择WAN2接口设置
2025-09-28 09:51:11,324 - INFO - 
步骤1: 断开WAN2连接...
2025-09-28 09:51:11,324 - INFO - 断开WAN2连接...
2025-09-28 09:51:20,439 - INFO - 成功找到断开按钮
2025-09-28 09:51:20,439 - INFO - 点击断开按钮...
2025-09-28 09:51:21,960 - INFO - WAN2已断开连接
2025-09-28 09:51:21,961 - INFO - 等待1秒...
2025-09-28 09:51:22,961 - INFO - 
步骤2: 连接WAN2...
2025-09-28 09:51:22,961 - INFO - 连接WAN2...
2025-09-28 09:51:35,132 - WARNING - 未通过标准方式找到连接按钮，尝试更通用的查找方法
2025-09-28 09:51:35,171 - INFO - 通过文本内容找到连接按钮
2025-09-28 09:51:35,171 - INFO - 成功找到连接按钮
2025-09-28 09:51:35,171 - INFO - 点击连接按钮...
2025-09-28 09:51:36,688 - INFO - WAN2已连接
2025-09-28 09:51:36,688 - INFO - 等待5秒...
2025-09-28 09:51:41,688 - INFO - 
==================================================
2025-09-28 09:51:41,688 - INFO - WAN2连接切换完成!
2025-09-28 09:51:41,688 - INFO - ==================================================
2025-09-28 09:51:41,744 - INFO - 浏览器已关闭
2025-09-28 09:51:41,744 - INFO - IP切换操作成功完成。
2025-09-28 09:52:46,636 - INFO - 通过函数调用方式切换TP-Link路由器WAN2连接
2025-09-28 09:52:46,636 - INFO - 初始化TP-Link路由器控制器: http://192.168.1.1
2025-09-28 09:52:46,636 - INFO - ==================================================
2025-09-28 09:52:46,636 - INFO - 开始切换TP-Link路由器WAN2连接
2025-09-28 09:52:46,636 - INFO - ==================================================
2025-09-28 09:52:46,636 - INFO - 设置Chrome WebDriver...
2025-09-28 09:52:46,636 - INFO - ====== WebDriver manager ======
2025-09-28 09:52:46,681 - INFO - Get LATEST chromedriver version for google-chrome
2025-09-28 09:52:47,013 - INFO - Get LATEST chromedriver version for google-chrome
2025-09-28 09:52:47,341 - INFO - Driver [/home/mike/.wdm/drivers/chromedriver/linux64/140.0.7339.207/chromedriver-linux64/chromedriver] found in cache
2025-09-28 09:52:47,508 - INFO - Chrome WebDriver设置成功
2025-09-28 09:52:47,508 - INFO - 开始登录路由器...
2025-09-28 09:52:47,508 - INFO - 路由器地址: http://192.168.1.1
2025-09-28 09:52:47,509 - INFO - 访问登录页面: http://192.168.1.1/webpages/login.html
2025-09-28 09:52:47,805 - INFO - 等待页面加载...
2025-09-28 09:52:49,805 - INFO - 定位用户名输入框...
2025-09-28 09:52:49,810 - INFO - 成功找到用户名输入框
2025-09-28 09:52:49,810 - INFO - 输入用户名: wangdg68
2025-09-28 09:52:49,866 - INFO - 定位密码输入框...
2025-09-28 09:52:52,900 - INFO - 成功找到密码输入框
2025-09-28 09:52:52,900 - INFO - 输入密码...
2025-09-28 09:52:52,920 - INFO - 定位登录按钮...
2025-09-28 09:53:08,028 - INFO - 成功找到登录按钮
2025-09-28 09:53:08,029 - INFO - 点击登录按钮...
2025-09-28 09:53:08,550 - INFO - 等待页面跳转...
2025-09-28 09:53:11,553 - INFO - 登录后页面URL: http://192.168.1.1/webpages/index.html
2025-09-28 09:53:11,554 - INFO - 登录成功!
2025-09-28 09:53:11,554 - INFO - 导航到WAN设置页面...
2025-09-28 09:53:12,554 - INFO - 查找基本设置菜单...
2025-09-28 09:53:15,590 - INFO - 成功找到基本设置菜单
2025-09-28 09:53:15,590 - INFO - 点击基本设置菜单...
2025-09-28 09:53:17,112 - INFO - 查找WAN设置菜单...
2025-09-28 09:53:20,148 - INFO - 成功找到WAN设置菜单
2025-09-28 09:53:20,148 - INFO - 点击WAN设置菜单...
2025-09-28 09:53:20,668 - INFO - 等待WAN设置页面加载...
2025-09-28 09:53:22,668 - INFO - 成功导航到WAN设置页面
2025-09-28 09:53:22,668 - INFO - 选择WAN2接口设置...
2025-09-28 09:53:23,668 - INFO - 查找WAN2设置选项...
2025-09-28 09:53:26,710 - INFO - 成功找到WAN2设置选项
2025-09-28 09:53:26,710 - INFO - 点击WAN2设置选项...
2025-09-28 09:53:27,229 - INFO - 等待接口设置frame变化...
2025-09-28 09:53:28,230 - INFO - 成功选择WAN2接口设置
2025-09-28 09:53:28,230 - INFO - 
步骤1: 断开WAN2连接...
2025-09-28 09:53:28,230 - INFO - 断开WAN2连接...
2025-09-28 09:53:37,319 - INFO - 成功找到断开按钮
2025-09-28 09:53:37,319 - INFO - 点击断开按钮...
2025-09-28 09:53:38,840 - INFO - WAN2已断开连接
2025-09-28 09:53:38,840 - INFO - 等待1秒...
2025-09-28 09:53:39,840 - INFO - 
步骤2: 连接WAN2...
2025-09-28 09:53:39,840 - INFO - 连接WAN2...
2025-09-28 09:53:51,950 - WARNING - 未通过标准方式找到连接按钮，尝试更通用的查找方法
2025-09-28 09:53:51,989 - INFO - 通过文本内容找到连接按钮
2025-09-28 09:53:51,989 - INFO - 成功找到连接按钮
2025-09-28 09:53:51,989 - INFO - 点击连接按钮...
2025-09-28 09:53:53,508 - INFO - WAN2已连接
2025-09-28 09:53:53,508 - INFO - 等待5秒...
2025-09-28 09:53:58,508 - INFO - 
==================================================
2025-09-28 09:53:58,508 - INFO - WAN2连接切换完成!
2025-09-28 09:53:58,508 - INFO - ==================================================
2025-09-28 09:53:58,563 - INFO - 浏览器已关闭
2025-09-28 09:53:58,563 - INFO - IP切换操作成功完成。
2025-09-28 09:54:46,420 - INFO - 通过函数调用方式切换TP-Link路由器WAN2连接
2025-09-28 09:54:46,420 - INFO - 初始化TP-Link路由器控制器: http://192.168.1.1
2025-09-28 09:54:46,420 - INFO - ==================================================
2025-09-28 09:54:46,420 - INFO - 开始切换TP-Link路由器WAN2连接
2025-09-28 09:54:46,420 - INFO - ==================================================
2025-09-28 09:54:46,420 - INFO - 设置Chrome WebDriver...
2025-09-28 09:54:46,420 - INFO - ====== WebDriver manager ======
2025-09-28 09:54:46,470 - INFO - Get LATEST chromedriver version for google-chrome
2025-09-28 09:54:46,967 - INFO - Get LATEST chromedriver version for google-chrome
2025-09-28 09:54:47,333 - INFO - Driver [/home/mike/.wdm/drivers/chromedriver/linux64/140.0.7339.207/chromedriver-linux64/chromedriver] found in cache
2025-09-28 09:54:47,534 - INFO - Chrome WebDriver设置成功
2025-09-28 09:54:47,534 - INFO - 开始登录路由器...
2025-09-28 09:54:47,534 - INFO - 路由器地址: http://192.168.1.1
2025-09-28 09:54:47,534 - INFO - 访问登录页面: http://192.168.1.1/webpages/login.html
2025-09-28 09:54:47,822 - INFO - 等待页面加载...
2025-09-28 09:54:49,822 - INFO - 定位用户名输入框...
2025-09-28 09:54:49,828 - INFO - 成功找到用户名输入框
2025-09-28 09:54:49,828 - INFO - 输入用户名: wangdg68
2025-09-28 09:54:49,884 - INFO - 定位密码输入框...
2025-09-28 09:54:52,923 - INFO - 成功找到密码输入框
2025-09-28 09:54:52,923 - INFO - 输入密码...
2025-09-28 09:54:52,944 - INFO - 定位登录按钮...
2025-09-28 09:55:08,136 - INFO - 成功找到登录按钮
2025-09-28 09:55:08,136 - INFO - 点击登录按钮...
2025-09-28 09:55:08,658 - INFO - 等待页面跳转...
2025-09-28 09:55:11,661 - INFO - 登录后页面URL: http://192.168.1.1/webpages/index.html
2025-09-28 09:55:11,661 - INFO - 登录成功!
2025-09-28 09:55:11,661 - INFO - 导航到WAN设置页面...
2025-09-28 09:55:12,661 - INFO - 查找基本设置菜单...
2025-09-28 09:55:15,700 - INFO - 成功找到基本设置菜单
2025-09-28 09:55:15,700 - INFO - 点击基本设置菜单...
2025-09-28 09:55:17,222 - INFO - 查找WAN设置菜单...
2025-09-28 09:55:20,256 - INFO - 成功找到WAN设置菜单
2025-09-28 09:55:20,256 - INFO - 点击WAN设置菜单...
2025-09-28 09:55:20,783 - INFO - 等待WAN设置页面加载...
2025-09-28 09:55:22,783 - INFO - 成功导航到WAN设置页面
2025-09-28 09:55:22,783 - INFO - 选择WAN2接口设置...
2025-09-28 09:55:23,784 - INFO - 查找WAN2设置选项...
2025-09-28 09:55:26,840 - INFO - 成功找到WAN2设置选项
2025-09-28 09:55:26,840 - INFO - 点击WAN2设置选项...
2025-09-28 09:55:27,361 - INFO - 等待接口设置frame变化...
2025-09-28 09:55:28,361 - INFO - 成功选择WAN2接口设置
2025-09-28 09:55:28,361 - INFO - 
步骤1: 断开WAN2连接...
2025-09-28 09:55:28,361 - INFO - 断开WAN2连接...
2025-09-28 09:55:37,459 - INFO - 成功找到断开按钮
2025-09-28 09:55:37,459 - INFO - 点击断开按钮...
2025-09-28 09:55:38,979 - INFO - WAN2已断开连接
2025-09-28 09:55:38,980 - INFO - 等待1秒...
2025-09-28 09:55:39,980 - INFO - 
步骤2: 连接WAN2...
2025-09-28 09:55:39,980 - INFO - 连接WAN2...
2025-09-28 09:55:52,155 - WARNING - 未通过标准方式找到连接按钮，尝试更通用的查找方法
2025-09-28 09:55:52,194 - INFO - 通过文本内容找到连接按钮
2025-09-28 09:55:52,194 - INFO - 成功找到连接按钮
2025-09-28 09:55:52,194 - INFO - 点击连接按钮...
2025-09-28 09:55:53,713 - INFO - WAN2已连接
2025-09-28 09:55:53,713 - INFO - 等待5秒...
2025-09-28 09:55:58,713 - INFO - 
==================================================
2025-09-28 09:55:58,713 - INFO - WAN2连接切换完成!
2025-09-28 09:55:58,713 - INFO - ==================================================
2025-09-28 09:55:58,767 - INFO - 浏览器已关闭
2025-09-28 09:55:58,767 - INFO - IP切换操作成功完成。
2025-09-28 09:58:01,732 - INFO - 通过函数调用方式切换TP-Link路由器WAN2连接
2025-09-28 09:58:01,732 - INFO - 初始化TP-Link路由器控制器: http://192.168.1.1
2025-09-28 09:58:01,732 - INFO - ==================================================
2025-09-28 09:58:01,732 - INFO - 开始切换TP-Link路由器WAN2连接
2025-09-28 09:58:01,732 - INFO - ==================================================
2025-09-28 09:58:01,732 - INFO - 设置Chrome WebDriver...
2025-09-28 09:58:01,732 - INFO - ====== WebDriver manager ======
2025-09-28 09:58:01,779 - INFO - Get LATEST chromedriver version for google-chrome
2025-09-28 09:58:02,224 - INFO - Get LATEST chromedriver version for google-chrome
2025-09-28 09:58:02,586 - INFO - Driver [/home/mike/.wdm/drivers/chromedriver/linux64/140.0.7339.207/chromedriver-linux64/chromedriver] found in cache
2025-09-28 09:58:02,732 - INFO - Chrome WebDriver设置成功
2025-09-28 09:58:02,732 - INFO - 开始登录路由器...
2025-09-28 09:58:02,732 - INFO - 路由器地址: http://192.168.1.1
2025-09-28 09:58:02,732 - INFO - 访问登录页面: http://192.168.1.1/webpages/login.html
2025-09-28 09:58:03,069 - INFO - 等待页面加载...
2025-09-28 09:58:05,069 - INFO - 定位用户名输入框...
2025-09-28 09:58:05,075 - INFO - 成功找到用户名输入框
2025-09-28 09:58:05,075 - INFO - 输入用户名: wangdg68
2025-09-28 09:58:05,140 - INFO - 定位密码输入框...
2025-09-28 09:58:08,185 - INFO - 成功找到密码输入框
2025-09-28 09:58:08,186 - INFO - 输入密码...
2025-09-28 09:58:08,207 - INFO - 定位登录按钮...
2025-09-28 09:58:23,335 - INFO - 成功找到登录按钮
2025-09-28 09:58:23,335 - INFO - 点击登录按钮...
2025-09-28 09:58:23,856 - INFO - 等待页面跳转...
2025-09-28 09:58:26,858 - INFO - 登录后页面URL: http://192.168.1.1/webpages/index.html
2025-09-28 09:58:26,858 - INFO - 登录成功!
2025-09-28 09:58:26,858 - INFO - 导航到WAN设置页面...
2025-09-28 09:58:27,859 - INFO - 查找基本设置菜单...
2025-09-28 09:58:30,882 - INFO - 成功找到基本设置菜单
2025-09-28 09:58:30,882 - INFO - 点击基本设置菜单...
2025-09-28 09:58:32,404 - INFO - 查找WAN设置菜单...
2025-09-28 09:58:35,460 - INFO - 成功找到WAN设置菜单
2025-09-28 09:58:35,460 - INFO - 点击WAN设置菜单...
2025-09-28 09:58:35,982 - INFO - 等待WAN设置页面加载...
2025-09-28 09:58:37,982 - INFO - 成功导航到WAN设置页面
2025-09-28 09:58:37,982 - INFO - 选择WAN2接口设置...
2025-09-28 09:58:38,982 - INFO - 查找WAN2设置选项...
2025-09-28 09:58:42,007 - INFO - 成功找到WAN2设置选项
2025-09-28 09:58:42,007 - INFO - 点击WAN2设置选项...
2025-09-28 09:58:42,529 - INFO - 等待接口设置frame变化...
2025-09-28 09:58:43,529 - INFO - 成功选择WAN2接口设置
2025-09-28 09:58:43,529 - INFO - 
步骤1: 断开WAN2连接...
2025-09-28 09:58:43,529 - INFO - 断开WAN2连接...
2025-09-28 09:58:52,634 - INFO - 成功找到断开按钮
2025-09-28 09:58:52,634 - INFO - 点击断开按钮...
2025-09-28 09:58:54,156 - INFO - WAN2已断开连接
2025-09-28 09:58:54,156 - INFO - 等待1秒...
2025-09-28 09:58:55,156 - INFO - 
步骤2: 连接WAN2...
2025-09-28 09:58:55,156 - INFO - 连接WAN2...
2025-09-28 09:59:07,339 - WARNING - 未通过标准方式找到连接按钮，尝试更通用的查找方法
2025-09-28 09:59:07,378 - INFO - 通过文本内容找到连接按钮
2025-09-28 09:59:07,378 - INFO - 成功找到连接按钮
2025-09-28 09:59:07,378 - INFO - 点击连接按钮...
2025-09-28 09:59:08,900 - INFO - WAN2已连接
2025-09-28 09:59:08,900 - INFO - 等待5秒...
2025-09-28 09:59:13,900 - INFO - 
==================================================
2025-09-28 09:59:13,900 - INFO - WAN2连接切换完成!
2025-09-28 09:59:13,900 - INFO - ==================================================
2025-09-28 09:59:13,956 - INFO - 浏览器已关闭
2025-09-28 09:59:13,956 - INFO - IP切换操作成功完成。
2025-09-28 10:01:29,031 - INFO - 通过函数调用方式切换TP-Link路由器WAN2连接
2025-09-28 10:01:29,031 - INFO - 初始化TP-Link路由器控制器: http://192.168.1.1
2025-09-28 10:01:29,031 - INFO - ==================================================
2025-09-28 10:01:29,031 - INFO - 开始切换TP-Link路由器WAN2连接
2025-09-28 10:01:29,031 - INFO - ==================================================
2025-09-28 10:01:29,031 - INFO - 设置Chrome WebDriver...
2025-09-28 10:01:29,031 - INFO - ====== WebDriver manager ======
2025-09-28 10:01:29,087 - INFO - Get LATEST chromedriver version for google-chrome
2025-09-28 10:01:29,472 - INFO - Get LATEST chromedriver version for google-chrome
2025-09-28 10:01:29,807 - INFO - Driver [/home/mike/.wdm/drivers/chromedriver/linux64/140.0.7339.207/chromedriver-linux64/chromedriver] found in cache
2025-09-28 10:01:29,976 - INFO - Chrome WebDriver设置成功
2025-09-28 10:01:29,976 - INFO - 开始登录路由器...
2025-09-28 10:01:29,976 - INFO - 路由器地址: http://192.168.1.1
2025-09-28 10:01:29,976 - INFO - 访问登录页面: http://192.168.1.1/webpages/login.html
2025-09-28 10:01:30,423 - INFO - 等待页面加载...
2025-09-28 10:01:32,423 - INFO - 定位用户名输入框...
2025-09-28 10:01:32,429 - INFO - 成功找到用户名输入框
2025-09-28 10:01:32,429 - INFO - 输入用户名: wangdg68
2025-09-28 10:01:32,465 - INFO - 定位密码输入框...
2025-09-28 10:01:35,500 - INFO - 成功找到密码输入框
2025-09-28 10:01:35,500 - INFO - 输入密码...
2025-09-28 10:01:35,522 - INFO - 定位登录按钮...
2025-09-28 10:01:50,708 - INFO - 成功找到登录按钮
2025-09-28 10:01:50,708 - INFO - 点击登录按钮...
2025-09-28 10:01:51,232 - INFO - 等待页面跳转...
2025-09-28 10:01:54,235 - INFO - 登录后页面URL: http://192.168.1.1/webpages/index.html
2025-09-28 10:01:54,235 - INFO - 登录成功!
2025-09-28 10:01:54,235 - INFO - 导航到WAN设置页面...
2025-09-28 10:01:55,235 - INFO - 查找基本设置菜单...
2025-09-28 10:01:58,278 - INFO - 成功找到基本设置菜单
2025-09-28 10:01:58,278 - INFO - 点击基本设置菜单...
2025-09-28 10:01:59,798 - INFO - 查找WAN设置菜单...
2025-09-28 10:02:02,842 - INFO - 成功找到WAN设置菜单
2025-09-28 10:02:02,842 - INFO - 点击WAN设置菜单...
2025-09-28 10:02:03,367 - INFO - 等待WAN设置页面加载...
2025-09-28 10:02:05,367 - INFO - 成功导航到WAN设置页面
2025-09-28 10:02:05,367 - INFO - 选择WAN2接口设置...
2025-09-28 10:02:06,367 - INFO - 查找WAN2设置选项...
2025-09-28 10:02:09,400 - INFO - 成功找到WAN2设置选项
2025-09-28 10:02:09,400 - INFO - 点击WAN2设置选项...
2025-09-28 10:02:09,921 - INFO - 等待接口设置frame变化...
2025-09-28 10:02:10,921 - INFO - 成功选择WAN2接口设置
2025-09-28 10:02:10,921 - INFO - 
步骤1: 断开WAN2连接...
2025-09-28 10:02:10,921 - INFO - 断开WAN2连接...
2025-09-28 10:02:20,051 - INFO - 成功找到断开按钮
2025-09-28 10:02:20,052 - INFO - 点击断开按钮...
2025-09-28 10:02:21,572 - INFO - WAN2已断开连接
2025-09-28 10:02:21,572 - INFO - 等待1秒...
2025-09-28 10:02:22,572 - INFO - 
步骤2: 连接WAN2...
2025-09-28 10:02:22,572 - INFO - 连接WAN2...
2025-09-28 10:02:34,707 - WARNING - 未通过标准方式找到连接按钮，尝试更通用的查找方法
2025-09-28 10:02:34,743 - INFO - 通过文本内容找到连接按钮
2025-09-28 10:02:34,744 - INFO - 成功找到连接按钮
2025-09-28 10:02:34,744 - INFO - 点击连接按钮...
2025-09-28 10:02:36,262 - INFO - WAN2已连接
2025-09-28 10:02:36,262 - INFO - 等待5秒...
2025-09-28 10:02:41,263 - INFO - 
==================================================
2025-09-28 10:02:41,263 - INFO - WAN2连接切换完成!
2025-09-28 10:02:41,263 - INFO - ==================================================
2025-09-28 10:02:41,317 - INFO - 浏览器已关闭
2025-09-28 10:02:41,317 - INFO - IP切换操作成功完成。
2025-09-28 11:08:32,621 - INFO - 通过函数调用方式切换TP-Link路由器WAN2连接
2025-09-28 11:08:32,621 - INFO - 初始化TP-Link路由器控制器: http://192.168.1.1
2025-09-28 11:08:32,621 - INFO - ==================================================
2025-09-28 11:08:32,621 - INFO - 开始切换TP-Link路由器WAN2连接
2025-09-28 11:08:32,622 - INFO - ==================================================
2025-09-28 11:08:32,622 - INFO - 设置Chrome WebDriver...
2025-09-28 11:08:32,622 - INFO - ====== WebDriver manager ======
2025-09-28 11:08:32,670 - INFO - Get LATEST chromedriver version for google-chrome
2025-09-28 11:08:33,075 - INFO - Get LATEST chromedriver version for google-chrome
2025-09-28 11:08:33,374 - INFO - Driver [/home/mike/.wdm/drivers/chromedriver/linux64/140.0.7339.207/chromedriver-linux64/chromedriver] found in cache
2025-09-28 11:08:33,586 - INFO - Chrome WebDriver设置成功
2025-09-28 11:08:33,586 - INFO - 开始登录路由器...
2025-09-28 11:08:33,586 - INFO - 路由器地址: http://192.168.1.1
2025-09-28 11:08:33,586 - INFO - 访问登录页面: http://192.168.1.1/webpages/login.html
2025-09-28 11:08:33,877 - INFO - 等待页面加载...
2025-09-28 11:08:35,877 - INFO - 定位用户名输入框...
2025-09-28 11:08:35,883 - INFO - 成功找到用户名输入框
2025-09-28 11:08:35,883 - INFO - 输入用户名: wangdg68
2025-09-28 11:08:35,940 - INFO - 定位密码输入框...
2025-09-28 11:08:38,971 - INFO - 成功找到密码输入框
2025-09-28 11:08:38,971 - INFO - 输入密码...
2025-09-28 11:08:38,991 - INFO - 定位登录按钮...
2025-09-28 11:08:54,099 - INFO - 成功找到登录按钮
2025-09-28 11:08:54,099 - INFO - 点击登录按钮...
2025-09-28 11:08:54,623 - INFO - 等待页面跳转...
2025-09-28 11:08:57,634 - INFO - 登录后页面URL: http://192.168.1.1/webpages/index.html
2025-09-28 11:08:57,634 - INFO - 登录成功!
2025-09-28 11:08:57,634 - INFO - 导航到WAN设置页面...
2025-09-28 11:08:58,634 - INFO - 查找基本设置菜单...
2025-09-28 11:09:01,667 - INFO - 成功找到基本设置菜单
2025-09-28 11:09:01,667 - INFO - 点击基本设置菜单...
2025-09-28 11:09:03,187 - INFO - 查找WAN设置菜单...
2025-09-28 11:09:06,226 - INFO - 成功找到WAN设置菜单
2025-09-28 11:09:06,227 - INFO - 点击WAN设置菜单...
2025-09-28 11:09:06,749 - INFO - 等待WAN设置页面加载...
2025-09-28 11:09:08,749 - INFO - 成功导航到WAN设置页面
2025-09-28 11:09:08,749 - INFO - 选择WAN2接口设置...
2025-09-28 11:09:09,749 - INFO - 查找WAN2设置选项...
2025-09-28 11:09:12,794 - INFO - 成功找到WAN2设置选项
2025-09-28 11:09:12,794 - INFO - 点击WAN2设置选项...
2025-09-28 11:09:13,314 - INFO - 等待接口设置frame变化...
2025-09-28 11:09:14,314 - INFO - 成功选择WAN2接口设置
2025-09-28 11:09:14,314 - INFO - 
步骤1: 断开WAN2连接...
2025-09-28 11:09:14,314 - INFO - 断开WAN2连接...
2025-09-28 11:09:23,374 - INFO - 成功找到断开按钮
2025-09-28 11:09:23,375 - INFO - 点击断开按钮...
2025-09-28 11:09:24,897 - INFO - WAN2已断开连接
2025-09-28 11:09:24,897 - INFO - 等待1秒...
2025-09-28 11:09:25,897 - INFO - 
步骤2: 连接WAN2...
2025-09-28 11:09:25,897 - INFO - 连接WAN2...
2025-09-28 11:09:38,018 - WARNING - 未通过标准方式找到连接按钮，尝试更通用的查找方法
2025-09-28 11:09:38,053 - INFO - 通过文本内容找到连接按钮
2025-09-28 11:09:38,053 - INFO - 成功找到连接按钮
2025-09-28 11:09:38,053 - INFO - 点击连接按钮...
2025-09-28 11:09:39,571 - INFO - WAN2已连接
2025-09-28 11:09:39,571 - INFO - 等待5秒...
2025-09-28 11:09:44,572 - INFO - 
==================================================
2025-09-28 11:09:44,572 - INFO - WAN2连接切换完成!
2025-09-28 11:09:44,572 - INFO - ==================================================
2025-09-28 11:09:44,628 - INFO - 浏览器已关闭
2025-09-28 11:09:44,628 - INFO - IP切换操作成功完成。
2025-09-28 11:09:44,628 - INFO - ====== WebDriver manager ======
2025-09-28 11:09:44,672 - INFO - Get LATEST chromedriver version for google-chrome
2025-09-28 11:09:45,042 - INFO - Get LATEST chromedriver version for google-chrome
2025-09-28 11:09:45,446 - INFO - Driver [/home/mike/.wdm/drivers/chromedriver/linux64/140.0.7339.207/chromedriver-linux64/chromedriver] found in cache
2025-09-28 11:10:35,898 - INFO - 通过函数调用方式切换TP-Link路由器WAN2连接
2025-09-28 11:10:35,899 - INFO - 初始化TP-Link路由器控制器: http://192.168.1.1
2025-09-28 11:10:35,899 - INFO - ==================================================
2025-09-28 11:10:35,899 - INFO - 开始切换TP-Link路由器WAN2连接
2025-09-28 11:10:35,899 - INFO - ==================================================
2025-09-28 11:10:35,899 - INFO - 设置Chrome WebDriver...
2025-09-28 11:10:35,899 - INFO - ====== WebDriver manager ======
2025-09-28 11:10:35,957 - INFO - Get LATEST chromedriver version for google-chrome
2025-09-28 11:10:36,343 - INFO - Get LATEST chromedriver version for google-chrome
2025-09-28 11:10:36,681 - INFO - Driver [/home/mike/.wdm/drivers/chromedriver/linux64/140.0.7339.207/chromedriver-linux64/chromedriver] found in cache
2025-09-28 11:10:36,866 - INFO - Chrome WebDriver设置成功
2025-09-28 11:10:36,866 - INFO - 开始登录路由器...
2025-09-28 11:10:36,866 - INFO - 路由器地址: http://192.168.1.1
2025-09-28 11:10:36,866 - INFO - 访问登录页面: http://192.168.1.1/webpages/login.html
2025-09-28 11:10:37,186 - INFO - 等待页面加载...
2025-09-28 11:10:39,186 - INFO - 定位用户名输入框...
2025-09-28 11:10:39,192 - INFO - 成功找到用户名输入框
2025-09-28 11:10:39,192 - INFO - 输入用户名: wangdg68
2025-09-28 11:10:39,248 - INFO - 定位密码输入框...
2025-09-28 11:10:42,297 - INFO - 成功找到密码输入框
2025-09-28 11:10:42,297 - INFO - 输入密码...
2025-09-28 11:10:42,319 - INFO - 定位登录按钮...
2025-09-28 11:10:57,451 - INFO - 成功找到登录按钮
2025-09-28 11:10:57,451 - INFO - 点击登录按钮...
2025-09-28 11:10:57,971 - INFO - 等待页面跳转...
2025-09-28 11:11:00,974 - INFO - 登录后页面URL: http://192.168.1.1/webpages/index.html
2025-09-28 11:11:00,974 - INFO - 登录成功!
2025-09-28 11:11:00,974 - INFO - 导航到WAN设置页面...
2025-09-28 11:11:01,974 - INFO - 查找基本设置菜单...
2025-09-28 11:11:05,012 - INFO - 成功找到基本设置菜单
2025-09-28 11:11:05,012 - INFO - 点击基本设置菜单...
2025-09-28 11:11:06,532 - INFO - 查找WAN设置菜单...
2025-09-28 11:11:09,556 - INFO - 成功找到WAN设置菜单
2025-09-28 11:11:09,556 - INFO - 点击WAN设置菜单...
2025-09-28 11:11:10,078 - INFO - 等待WAN设置页面加载...
2025-09-28 11:11:12,078 - INFO - 成功导航到WAN设置页面
2025-09-28 11:11:12,078 - INFO - 选择WAN2接口设置...
2025-09-28 11:11:13,078 - INFO - 查找WAN2设置选项...
2025-09-28 11:11:16,112 - INFO - 成功找到WAN2设置选项
2025-09-28 11:11:16,112 - INFO - 点击WAN2设置选项...
2025-09-28 11:11:16,633 - INFO - 等待接口设置frame变化...
2025-09-28 11:11:17,633 - INFO - 成功选择WAN2接口设置
2025-09-28 11:11:17,634 - INFO - 
步骤1: 断开WAN2连接...
2025-09-28 11:11:17,634 - INFO - 断开WAN2连接...
2025-09-28 11:11:26,732 - INFO - 成功找到断开按钮
2025-09-28 11:11:26,732 - INFO - 点击断开按钮...
2025-09-28 11:11:28,253 - INFO - WAN2已断开连接
2025-09-28 11:11:28,253 - INFO - 等待1秒...
2025-09-28 11:11:29,253 - INFO - 
步骤2: 连接WAN2...
2025-09-28 11:11:29,254 - INFO - 连接WAN2...
2025-09-28 11:11:41,364 - WARNING - 未通过标准方式找到连接按钮，尝试更通用的查找方法
2025-09-28 11:11:41,402 - INFO - 通过文本内容找到连接按钮
2025-09-28 11:11:41,402 - INFO - 成功找到连接按钮
2025-09-28 11:11:41,402 - INFO - 点击连接按钮...
2025-09-28 11:11:42,920 - INFO - WAN2已连接
2025-09-28 11:11:42,920 - INFO - 等待5秒...
2025-09-28 11:11:47,920 - INFO - 
==================================================
2025-09-28 11:11:47,920 - INFO - WAN2连接切换完成!
2025-09-28 11:11:47,920 - INFO - ==================================================
2025-09-28 11:11:47,974 - INFO - 浏览器已关闭
2025-09-28 11:11:47,974 - INFO - IP切换操作成功完成。
2025-09-28 11:11:47,974 - INFO - ====== WebDriver manager ======
2025-09-28 11:11:48,020 - INFO - Get LATEST chromedriver version for google-chrome
2025-09-28 11:11:48,443 - INFO - Get LATEST chromedriver version for google-chrome
2025-09-28 11:11:48,801 - INFO - Driver [/home/mike/.wdm/drivers/chromedriver/linux64/140.0.7339.207/chromedriver-linux64/chromedriver] found in cache
2025-09-28 11:12:40,791 - INFO - 通过函数调用方式切换TP-Link路由器WAN2连接
2025-09-28 11:12:40,791 - INFO - 初始化TP-Link路由器控制器: http://192.168.1.1
2025-09-28 11:12:40,791 - INFO - ==================================================
2025-09-28 11:12:40,791 - INFO - 开始切换TP-Link路由器WAN2连接
2025-09-28 11:12:40,791 - INFO - ==================================================
2025-09-28 11:12:40,791 - INFO - 设置Chrome WebDriver...
2025-09-28 11:12:40,791 - INFO - ====== WebDriver manager ======
2025-09-28 11:12:40,838 - INFO - Get LATEST chromedriver version for google-chrome
2025-09-28 11:12:41,295 - INFO - Get LATEST chromedriver version for google-chrome
2025-09-28 11:12:41,703 - INFO - Driver [/home/mike/.wdm/drivers/chromedriver/linux64/140.0.7339.207/chromedriver-linux64/chromedriver] found in cache
2025-09-28 11:12:41,868 - INFO - Chrome WebDriver设置成功
2025-09-28 11:12:41,869 - INFO - 开始登录路由器...
2025-09-28 11:12:41,869 - INFO - 路由器地址: http://192.168.1.1
2025-09-28 11:12:41,869 - INFO - 访问登录页面: http://192.168.1.1/webpages/login.html
2025-09-28 11:12:42,153 - INFO - 等待页面加载...
2025-09-28 11:12:44,153 - INFO - 定位用户名输入框...
2025-09-28 11:12:44,161 - INFO - 成功找到用户名输入框
2025-09-28 11:12:44,161 - INFO - 输入用户名: wangdg68
2025-09-28 11:12:44,217 - INFO - 定位密码输入框...
2025-09-28 11:12:47,272 - INFO - 成功找到密码输入框
2025-09-28 11:12:47,272 - INFO - 输入密码...
2025-09-28 11:12:47,295 - INFO - 定位登录按钮...
2025-09-28 11:13:02,405 - INFO - 成功找到登录按钮
2025-09-28 11:13:02,405 - INFO - 点击登录按钮...
2025-09-28 11:13:02,926 - INFO - 等待页面跳转...
2025-09-28 11:13:05,929 - INFO - 登录后页面URL: http://192.168.1.1/webpages/index.html
2025-09-28 11:13:05,929 - INFO - 登录成功!
2025-09-28 11:13:05,929 - INFO - 导航到WAN设置页面...
2025-09-28 11:13:06,929 - INFO - 查找基本设置菜单...
2025-09-28 11:13:09,973 - INFO - 成功找到基本设置菜单
2025-09-28 11:13:09,974 - INFO - 点击基本设置菜单...
2025-09-28 11:13:11,497 - INFO - 查找WAN设置菜单...
2025-09-28 11:13:14,530 - INFO - 成功找到WAN设置菜单
2025-09-28 11:13:14,530 - INFO - 点击WAN设置菜单...
2025-09-28 11:13:15,052 - INFO - 等待WAN设置页面加载...
2025-09-28 11:13:17,052 - INFO - 成功导航到WAN设置页面
2025-09-28 11:13:17,052 - INFO - 选择WAN2接口设置...
2025-09-28 11:13:18,052 - INFO - 查找WAN2设置选项...
2025-09-28 11:13:21,061 - INFO - 成功找到WAN2设置选项
2025-09-28 11:13:21,061 - INFO - 点击WAN2设置选项...
2025-09-28 11:13:21,582 - INFO - 等待接口设置frame变化...
2025-09-28 11:13:22,582 - INFO - 成功选择WAN2接口设置
2025-09-28 11:13:22,582 - INFO - 
步骤1: 断开WAN2连接...
2025-09-28 11:13:22,582 - INFO - 断开WAN2连接...
2025-09-28 11:13:31,703 - INFO - 成功找到断开按钮
2025-09-28 11:13:31,704 - INFO - 点击断开按钮...
2025-09-28 11:13:33,225 - INFO - WAN2已断开连接
2025-09-28 11:13:33,225 - INFO - 等待1秒...
2025-09-28 11:13:34,225 - INFO - 
步骤2: 连接WAN2...
2025-09-28 11:13:34,225 - INFO - 连接WAN2...
2025-09-28 11:13:46,369 - WARNING - 未通过标准方式找到连接按钮，尝试更通用的查找方法
2025-09-28 11:13:46,404 - INFO - 通过文本内容找到连接按钮
2025-09-28 11:13:46,404 - INFO - 成功找到连接按钮
2025-09-28 11:13:46,404 - INFO - 点击连接按钮...
2025-09-28 11:13:47,926 - INFO - WAN2已连接
2025-09-28 11:13:47,926 - INFO - 等待5秒...
2025-09-28 11:13:52,926 - INFO - 
==================================================
2025-09-28 11:13:52,926 - INFO - WAN2连接切换完成!
2025-09-28 11:13:52,926 - INFO - ==================================================
2025-09-28 11:13:52,980 - INFO - 浏览器已关闭
2025-09-28 11:13:52,980 - INFO - IP切换操作成功完成。
2025-09-28 11:13:52,980 - INFO - ====== WebDriver manager ======
2025-09-28 11:13:53,024 - INFO - Get LATEST chromedriver version for google-chrome
2025-09-28 11:13:53,404 - INFO - Get LATEST chromedriver version for google-chrome
2025-09-28 11:13:53,812 - INFO - Driver [/home/mike/.wdm/drivers/chromedriver/linux64/140.0.7339.207/chromedriver-linux64/chromedriver] found in cache
2025-09-28 11:21:04,226 - INFO - ====== WebDriver manager ======
2025-09-28 11:21:04,271 - INFO - Get LATEST chromedriver version for google-chrome
2025-09-28 11:21:04,683 - INFO - Get LATEST chromedriver version for google-chrome
2025-09-28 11:21:05,030 - INFO - Driver [/home/mike/.wdm/drivers/chromedriver/linux64/140.0.7339.207/chromedriver-linux64/chromedriver] found in cache
